{"C:\\Users\\Mihajlo\\Desktop\\projekti_fak\\baze2\\Instagram\\frontend\\src\\App.jsx": {"path":"C:\\Users\\Mihajlo\\Desktop\\projekti_fak\\baze2\\Instagram\\frontend\\src\\App.jsx","statementMap":{"0":{"start":{"line":13,"column":12},"end":{"line":93,"column":null}},"1":{"start":{"line":14,"column":39},"end":{"line":14,"column":null}},"2":{"start":{"line":15,"column":36},"end":{"line":15,"column":null}},"3":{"start":{"line":16,"column":54},"end":{"line":16,"column":null}},"4":{"start":{"line":17,"column":34},"end":{"line":17,"column":null}},"5":{"start":{"line":18,"column":8},"end":{"line":18,"column":null}},"6":{"start":{"line":20,"column":8},"end":{"line":20,"column":null}},"7":{"start":{"line":21,"column":8},"end":{"line":21,"column":null}},"8":{"start":{"line":23,"column":2},"end":{"line":34,"column":null}},"9":{"start":{"line":24,"column":24},"end":{"line":30,"column":null}},"10":{"start":{"line":25,"column":6},"end":{"line":29,"column":null}},"11":{"start":{"line":26,"column":8},"end":{"line":28,"column":null}},"12":{"start":{"line":27,"column":10},"end":{"line":27,"column":null}},"13":{"start":{"line":32,"column":4},"end":{"line":32,"column":null}},"14":{"start":{"line":33,"column":4},"end":{"line":33,"column":null}},"15":{"start":{"line":33,"column":17},"end":{"line":33,"column":null}},"16":{"start":{"line":36,"column":2},"end":{"line":40,"column":null}},"17":{"start":{"line":37,"column":4},"end":{"line":40,"column":null}},"18":{"start":{"line":43,"column":2},"end":{"line":91,"column":null}}},"fnMap":{"0":{"name":"(anonymous_0)","decl":{"start":{"line":13,"column":12},"end":{"line":13,"column":18}},"loc":{"start":{"line":13,"column":18},"end":{"line":93,"column":null}},"line":13},"1":{"name":"(anonymous_1)","decl":{"start":{"line":23,"column":12},"end":{"line":23,"column":18}},"loc":{"start":{"line":23,"column":18},"end":{"line":34,"column":5}},"line":23},"2":{"name":"(anonymous_2)","decl":{"start":{"line":24,"column":24},"end":{"line":24,"column":25}},"loc":{"start":{"line":24,"column":31},"end":{"line":30,"column":null}},"line":24},"3":{"name":"(anonymous_3)","decl":{"start":{"line":33,"column":11},"end":{"line":33,"column":17}},"loc":{"start":{"line":33,"column":17},"end":{"line":33,"column":null}},"line":33}},"branchMap":{"0":{"loc":{"start":{"line":25,"column":6},"end":{"line":29,"column":null}},"type":"if","locations":[{"start":{"line":25,"column":6},"end":{"line":29,"column":null}},{"start":{},"end":{}}],"line":25},"1":{"loc":{"start":{"line":26,"column":8},"end":{"line":28,"column":null}},"type":"if","locations":[{"start":{"line":26,"column":8},"end":{"line":28,"column":null}},{"start":{},"end":{}}],"line":26},"2":{"loc":{"start":{"line":36,"column":2},"end":{"line":40,"column":null}},"type":"if","locations":[{"start":{"line":36,"column":2},"end":{"line":40,"column":null}},{"start":{},"end":{}}],"line":36},"3":{"loc":{"start":{"line":45,"column":7},"end":{"line":76,"column":null}},"type":"binary-expr","locations":[{"start":{"line":45,"column":7},"end":{"line":45,"column":null}},{"start":{"line":46,"column":8},"end":{"line":76,"column":null}}],"line":45},"4":{"loc":{"start":{"line":67,"column":11},"end":{"line":74,"column":null}},"type":"binary-expr","locations":[{"start":{"line":67,"column":11},"end":{"line":67,"column":null}},{"start":{"line":68,"column":12},"end":{"line":74,"column":null}}],"line":67},"5":{"loc":{"start":{"line":80,"column":33},"end":{"line":80,"column":77}},"type":"cond-expr","locations":[{"start":{"line":80,"column":40},"end":{"line":80,"column":51}},{"start":{"line":80,"column":51},"end":{"line":80,"column":77}}],"line":80},"6":{"loc":{"start":{"line":83,"column":19},"end":{"line":83,"column":null}},"type":"cond-expr","locations":[{"start":{"line":83,"column":26},"end":{"line":83,"column":40}},{"start":{"line":83,"column":40},"end":{"line":83,"column":null}}],"line":83},"7":{"loc":{"start":{"line":85,"column":38},"end":{"line":85,"column":78}},"type":"cond-expr","locations":[{"start":{"line":85,"column":45},"end":{"line":85,"column":67}},{"start":{"line":85,"column":67},"end":{"line":85,"column":78}}],"line":85},"8":{"loc":{"start":{"line":88,"column":19},"end":{"line":88,"column":null}},"type":"cond-expr","locations":[{"start":{"line":88,"column":26},"end":{"line":88,"column":44}},{"start":{"line":88,"column":44},"end":{"line":88,"column":null}}],"line":88}},"s":{"0":0,"1":0,"2":0,"3":0,"4":0,"5":0,"6":0,"7":0,"8":0,"9":0,"10":0,"11":0,"12":0,"13":0,"14":0,"15":0,"16":0,"17":0,"18":0},"f":{"0":0,"1":0,"2":0,"3":0},"b":{"0":[0,0],"1":[0,0],"2":[0,0],"3":[0,0],"4":[0,0],"5":[0,0],"6":[0,0],"7":[0,0],"8":[0,0]},"meta":{"lastBranch":9,"lastFunction":4,"lastStatement":19,"seen":{"s:13:12:93:Infinity":0,"f:13:12:13:18":0,"s:14:39:14:Infinity":1,"s:15:36:15:Infinity":2,"s:16:54:16:Infinity":3,"s:17:34:17:Infinity":4,"s:18:8:18:Infinity":5,"s:20:8:20:Infinity":6,"s:21:8:21:Infinity":7,"s:23:2:34:Infinity":8,"f:23:12:23:18":1,"s:24:24:30:Infinity":9,"f:24:24:24:25":2,"b:25:6:29:Infinity:undefined:undefined:undefined:undefined":0,"s:25:6:29:Infinity":10,"b:26:8:28:Infinity:undefined:undefined:undefined:undefined":1,"s:26:8:28:Infinity":11,"s:27:10:27:Infinity":12,"s:32:4:32:Infinity":13,"s:33:4:33:Infinity":14,"f:33:11:33:17":3,"s:33:17:33:Infinity":15,"b:36:2:40:Infinity:undefined:undefined:undefined:undefined":2,"s:36:2:40:Infinity":16,"s:37:4:40:Infinity":17,"s:43:2:91:Infinity":18,"b:45:7:45:Infinity:46:8:76:Infinity":3,"b:67:11:67:Infinity:68:12:74:Infinity":4,"b:80:40:80:51:80:51:80:77":5,"b:83:26:83:40:83:40:83:Infinity":6,"b:85:45:85:67:85:67:85:78":7,"b:88:26:88:44:88:44:88:Infinity":8}}}
,"C:\\Users\\Mihajlo\\Desktop\\projekti_fak\\baze2\\Instagram\\frontend\\src\\main.jsx": {"path":"C:\\Users\\Mihajlo\\Desktop\\projekti_fak\\baze2\\Instagram\\frontend\\src\\main.jsx","statementMap":{"0":{"start":{"line":8,"column":0},"end":{"line":14,"column":null}}},"fnMap":{},"branchMap":{},"s":{"0":0},"f":{},"b":{},"meta":{"lastBranch":0,"lastFunction":0,"lastStatement":1,"seen":{"s:8:0:14:Infinity":0}}}
,"C:\\Users\\Mihajlo\\Desktop\\projekti_fak\\baze2\\Instagram\\frontend\\src\\api\\authApi.js": {"path":"C:\\Users\\Mihajlo\\Desktop\\projekti_fak\\baze2\\Instagram\\frontend\\src\\api\\authApi.js","statementMap":{"0":{"start":{"line":3,"column":21},"end":{"line":3,"column":50}},"1":{"start":{"line":5,"column":22},"end":{"line":12,"column":1}},"2":{"start":{"line":6,"column":19},"end":{"line":10,"column":4}},"3":{"start":{"line":11,"column":2},"end":{"line":11,"column":58}},"4":{"start":{"line":14,"column":22},"end":{"line":21,"column":1}},"5":{"start":{"line":15,"column":19},"end":{"line":19,"column":4}},"6":{"start":{"line":20,"column":2},"end":{"line":20,"column":58}},"7":{"start":{"line":23,"column":29},"end":{"line":25,"column":1}},"8":{"start":{"line":24,"column":2},"end":{"line":24,"column":79}}},"fnMap":{"0":{"name":"(anonymous_0)","decl":{"start":{"line":5,"column":22},"end":{"line":5,"column":27}},"loc":{"start":{"line":5,"column":59},"end":{"line":12,"column":1}},"line":5},"1":{"name":"(anonymous_1)","decl":{"start":{"line":14,"column":22},"end":{"line":14,"column":27}},"loc":{"start":{"line":14,"column":73},"end":{"line":21,"column":1}},"line":14},"2":{"name":"(anonymous_2)","decl":{"start":{"line":23,"column":29},"end":{"line":23,"column":34}},"loc":{"start":{"line":23,"column":41},"end":{"line":25,"column":1}},"line":23}},"branchMap":{},"s":{"0":6,"1":6,"2":0,"3":0,"4":6,"5":0,"6":0,"7":6,"8":0},"f":{"0":0,"1":0,"2":0},"b":{},"meta":{"lastBranch":0,"lastFunction":3,"lastStatement":9,"seen":{"s:3:21:3:50":0,"s:5:22:12:1":1,"f:5:22:5:27":0,"s:6:19:10:4":2,"s:11:2:11:58":3,"s:14:22:21:1":4,"f:14:22:14:27":1,"s:15:19:19:4":5,"s:20:2:20:58":6,"s:23:29:25:1":7,"f:23:29:23:34":2,"s:24:2:24:79":8}}}
,"C:\\Users\\Mihajlo\\Desktop\\projekti_fak\\baze2\\Instagram\\frontend\\src\\api\\authFetch.js": {"path":"C:\\Users\\Mihajlo\\Desktop\\projekti_fak\\baze2\\Instagram\\frontend\\src\\api\\authFetch.js","statementMap":{"0":{"start":{"line":1,"column":25},"end":{"line":16,"column":1}},"1":{"start":{"line":2,"column":16},"end":{"line":2,"column":45}},"2":{"start":{"line":3,"column":19},"end":{"line":9,"column":4}},"3":{"start":{"line":11,"column":2},"end":{"line":13,"column":3}},"4":{"start":{"line":12,"column":4},"end":{"line":12,"column":52}},"5":{"start":{"line":15,"column":2},"end":{"line":15,"column":18}}},"fnMap":{"0":{"name":"(anonymous_0)","decl":{"start":{"line":1,"column":25},"end":{"line":1,"column":30}},"loc":{"start":{"line":1,"column":54},"end":{"line":16,"column":1}},"line":1}},"branchMap":{"0":{"loc":{"start":{"line":1,"column":37},"end":{"line":1,"column":49}},"type":"default-arg","locations":[{"start":{"line":1,"column":47},"end":{"line":1,"column":49}}],"line":1},"1":{"loc":{"start":{"line":11,"column":2},"end":{"line":13,"column":3}},"type":"if","locations":[{"start":{"line":11,"column":2},"end":{"line":13,"column":3}},{"start":{},"end":{}}],"line":11}},"s":{"0":10,"1":49,"2":49,"3":36,"4":0,"5":36},"f":{"0":49},"b":{"0":[49],"1":[0,36]},"meta":{"lastBranch":2,"lastFunction":1,"lastStatement":6,"seen":{"s:1:25:16:1":0,"f:1:25:1:30":0,"b:1:47:1:49":0,"s:2:16:2:45":1,"s:3:19:9:4":2,"b:11:2:13:3:undefined:undefined:undefined:undefined":1,"s:11:2:13:3":3,"s:12:4:12:52":4,"s:15:2:15:18":5}}}
,"C:\\Users\\Mihajlo\\Desktop\\projekti_fak\\baze2\\Instagram\\frontend\\src\\api\\blockApi.js": {"path":"C:\\Users\\Mihajlo\\Desktop\\projekti_fak\\baze2\\Instagram\\frontend\\src\\api\\blockApi.js","statementMap":{"0":{"start":{"line":3,"column":22},"end":{"line":3,"column":52}},"1":{"start":{"line":5,"column":26},"end":{"line":10,"column":1}},"2":{"start":{"line":6,"column":19},"end":{"line":8,"column":3}},"3":{"start":{"line":9,"column":2},"end":{"line":9,"column":25}},"4":{"start":{"line":12,"column":27},"end":{"line":16,"column":1}},"5":{"start":{"line":13,"column":2},"end":{"line":15,"column":5}}},"fnMap":{"0":{"name":"(anonymous_0)","decl":{"start":{"line":5,"column":26},"end":{"line":5,"column":31}},"loc":{"start":{"line":5,"column":44},"end":{"line":10,"column":1}},"line":5},"1":{"name":"(anonymous_1)","decl":{"start":{"line":12,"column":27},"end":{"line":12,"column":32}},"loc":{"start":{"line":12,"column":56},"end":{"line":16,"column":1}},"line":12}},"branchMap":{"0":{"loc":{"start":{"line":14,"column":12},"end":{"line":14,"column":41}},"type":"cond-expr","locations":[{"start":{"line":14,"column":24},"end":{"line":14,"column":32}},{"start":{"line":14,"column":35},"end":{"line":14,"column":41}}],"line":14}},"s":{"0":0,"1":0,"2":0,"3":0,"4":0,"5":0},"f":{"0":0,"1":0},"b":{"0":[0,0]},"meta":{"lastBranch":1,"lastFunction":2,"lastStatement":6,"seen":{"s:3:22:3:52":0,"s:5:26:10:1":1,"f:5:26:5:31":0,"s:6:19:8:3":2,"s:9:2:9:25":3,"s:12:27:16:1":4,"f:12:27:12:32":1,"s:13:2:15:5":5,"b:14:24:14:32:14:35:14:41":0}}}
,"C:\\Users\\Mihajlo\\Desktop\\projekti_fak\\baze2\\Instagram\\frontend\\src\\api\\commentApi.js": {"path":"C:\\Users\\Mihajlo\\Desktop\\projekti_fak\\baze2\\Instagram\\frontend\\src\\api\\commentApi.js","statementMap":{"0":{"start":{"line":3,"column":28},"end":{"line":3,"column":64}},"1":{"start":{"line":5,"column":33},"end":{"line":10,"column":1}},"2":{"start":{"line":6,"column":19},"end":{"line":8,"column":3}},"3":{"start":{"line":9,"column":2},"end":{"line":9,"column":25}},"4":{"start":{"line":12,"column":32},"end":{"line":17,"column":1}},"5":{"start":{"line":13,"column":19},"end":{"line":15,"column":3}},"6":{"start":{"line":16,"column":2},"end":{"line":16,"column":25}},"7":{"start":{"line":19,"column":26},"end":{"line":29,"column":1}},"8":{"start":{"line":20,"column":19},"end":{"line":27,"column":3}},"9":{"start":{"line":28,"column":2},"end":{"line":28,"column":25}},"10":{"start":{"line":31,"column":29},"end":{"line":35,"column":1}},"11":{"start":{"line":32,"column":2},"end":{"line":34,"column":5}},"12":{"start":{"line":37,"column":29},"end":{"line":47,"column":1}},"13":{"start":{"line":38,"column":19},"end":{"line":45,"column":3}},"14":{"start":{"line":46,"column":2},"end":{"line":46,"column":25}}},"fnMap":{"0":{"name":"(anonymous_0)","decl":{"start":{"line":5,"column":33},"end":{"line":5,"column":38}},"loc":{"start":{"line":5,"column":51},"end":{"line":10,"column":1}},"line":5},"1":{"name":"(anonymous_1)","decl":{"start":{"line":12,"column":32},"end":{"line":12,"column":37}},"loc":{"start":{"line":12,"column":50},"end":{"line":17,"column":1}},"line":12},"2":{"name":"(anonymous_2)","decl":{"start":{"line":19,"column":26},"end":{"line":19,"column":31}},"loc":{"start":{"line":19,"column":53},"end":{"line":29,"column":1}},"line":19},"3":{"name":"(anonymous_3)","decl":{"start":{"line":31,"column":29},"end":{"line":31,"column":34}},"loc":{"start":{"line":31,"column":50},"end":{"line":35,"column":1}},"line":31},"4":{"name":"(anonymous_4)","decl":{"start":{"line":37,"column":29},"end":{"line":37,"column":34}},"loc":{"start":{"line":37,"column":59},"end":{"line":47,"column":1}},"line":37}},"branchMap":{},"s":{"0":0,"1":0,"2":0,"3":0,"4":0,"5":0,"6":0,"7":0,"8":0,"9":0,"10":0,"11":0,"12":0,"13":0,"14":0},"f":{"0":0,"1":0,"2":0,"3":0,"4":0},"b":{},"meta":{"lastBranch":0,"lastFunction":5,"lastStatement":15,"seen":{"s:3:28:3:64":0,"s:5:33:10:1":1,"f:5:33:5:38":0,"s:6:19:8:3":2,"s:9:2:9:25":3,"s:12:32:17:1":4,"f:12:32:12:37":1,"s:13:19:15:3":5,"s:16:2:16:25":6,"s:19:26:29:1":7,"f:19:26:19:31":2,"s:20:19:27:3":8,"s:28:2:28:25":9,"s:31:29:35:1":10,"f:31:29:31:34":3,"s:32:2:34:5":11,"s:37:29:47:1":12,"f:37:29:37:34":4,"s:38:19:45:3":13,"s:46:2:46:25":14}}}
,"C:\\Users\\Mihajlo\\Desktop\\projekti_fak\\baze2\\Instagram\\frontend\\src\\api\\feedApi.js": {"path":"C:\\Users\\Mihajlo\\Desktop\\projekti_fak\\baze2\\Instagram\\frontend\\src\\api\\feedApi.js","statementMap":{"0":{"start":{"line":3,"column":21},"end":{"line":3,"column":50}},"1":{"start":{"line":5,"column":25},"end":{"line":10,"column":1}},"2":{"start":{"line":6,"column":19},"end":{"line":8,"column":3}},"3":{"start":{"line":9,"column":2},"end":{"line":9,"column":25}}},"fnMap":{"0":{"name":"(anonymous_0)","decl":{"start":{"line":5,"column":25},"end":{"line":5,"column":30}},"loc":{"start":{"line":5,"column":56},"end":{"line":10,"column":1}},"line":5}},"branchMap":{"0":{"loc":{"start":{"line":5,"column":32},"end":{"line":5,"column":40}},"type":"default-arg","locations":[{"start":{"line":5,"column":39},"end":{"line":5,"column":40}}],"line":5},"1":{"loc":{"start":{"line":5,"column":42},"end":{"line":5,"column":51}},"type":"default-arg","locations":[{"start":{"line":5,"column":49},"end":{"line":5,"column":51}}],"line":5}},"s":{"0":0,"1":0,"2":0,"3":0},"f":{"0":0},"b":{"0":[0],"1":[0]},"meta":{"lastBranch":2,"lastFunction":1,"lastStatement":4,"seen":{"s:3:21:3:50":0,"s:5:25:10:1":1,"f:5:25:5:30":0,"b:5:39:5:40":0,"b:5:49:5:51":1,"s:6:19:8:3":2,"s:9:2:9:25":3}}}
,"C:\\Users\\Mihajlo\\Desktop\\projekti_fak\\baze2\\Instagram\\frontend\\src\\api\\followApi.js": {"path":"C:\\Users\\Mihajlo\\Desktop\\projekti_fak\\baze2\\Instagram\\frontend\\src\\api\\followApi.js","statementMap":{"0":{"start":{"line":3,"column":23},"end":{"line":3,"column":54}},"1":{"start":{"line":5,"column":32},"end":{"line":10,"column":1}},"2":{"start":{"line":6,"column":19},"end":{"line":8,"column":3}},"3":{"start":{"line":9,"column":2},"end":{"line":9,"column":25}},"4":{"start":{"line":12,"column":27},"end":{"line":20,"column":1}},"5":{"start":{"line":13,"column":34},"end":{"line":16,"column":4}},"6":{"start":{"line":17,"column":21},"end":{"line":17,"column":43}},"7":{"start":{"line":18,"column":22},"end":{"line":18,"column":45}},"8":{"start":{"line":19,"column":2},"end":{"line":19,"column":75}},"9":{"start":{"line":22,"column":28},"end":{"line":29,"column":1}},"10":{"start":{"line":23,"column":17},"end":{"line":23,"column":61}},"11":{"start":{"line":24,"column":19},"end":{"line":27,"column":3}},"12":{"start":{"line":28,"column":2},"end":{"line":28,"column":49}},"13":{"start":{"line":31,"column":30},"end":{"line":36,"column":1}},"14":{"start":{"line":32,"column":19},"end":{"line":34,"column":3}},"15":{"start":{"line":35,"column":2},"end":{"line":35,"column":25}},"16":{"start":{"line":38,"column":30},"end":{"line":43,"column":1}},"17":{"start":{"line":39,"column":19},"end":{"line":41,"column":3}},"18":{"start":{"line":42,"column":2},"end":{"line":42,"column":25}},"19":{"start":{"line":45,"column":30},"end":{"line":49,"column":1}},"20":{"start":{"line":46,"column":2},"end":{"line":48,"column":5}},"21":{"start":{"line":51,"column":36},"end":{"line":56,"column":1}},"22":{"start":{"line":52,"column":19},"end":{"line":54,"column":3}},"23":{"start":{"line":55,"column":2},"end":{"line":55,"column":25}},"24":{"start":{"line":58,"column":34},"end":{"line":63,"column":1}},"25":{"start":{"line":59,"column":19},"end":{"line":61,"column":3}},"26":{"start":{"line":62,"column":2},"end":{"line":62,"column":25}},"27":{"start":{"line":65,"column":35},"end":{"line":70,"column":1}},"28":{"start":{"line":66,"column":2},"end":{"line":69,"column":4}},"29":{"start":{"line":72,"column":35},"end":{"line":77,"column":1}},"30":{"start":{"line":73,"column":2},"end":{"line":76,"column":4}},"31":{"start":{"line":79,"column":39},"end":{"line":83,"column":1}},"32":{"start":{"line":80,"column":2},"end":{"line":82,"column":5}}},"fnMap":{"0":{"name":"(anonymous_0)","decl":{"start":{"line":5,"column":32},"end":{"line":5,"column":37}},"loc":{"start":{"line":5,"column":50},"end":{"line":10,"column":1}},"line":5},"1":{"name":"(anonymous_1)","decl":{"start":{"line":12,"column":27},"end":{"line":12,"column":32}},"loc":{"start":{"line":12,"column":45},"end":{"line":20,"column":1}},"line":12},"2":{"name":"(anonymous_2)","decl":{"start":{"line":22,"column":28},"end":{"line":22,"column":33}},"loc":{"start":{"line":22,"column":70},"end":{"line":29,"column":1}},"line":22},"3":{"name":"(anonymous_3)","decl":{"start":{"line":31,"column":30},"end":{"line":31,"column":35}},"loc":{"start":{"line":31,"column":55},"end":{"line":36,"column":1}},"line":31},"4":{"name":"(anonymous_4)","decl":{"start":{"line":38,"column":30},"end":{"line":38,"column":35}},"loc":{"start":{"line":38,"column":55},"end":{"line":43,"column":1}},"line":38},"5":{"name":"(anonymous_5)","decl":{"start":{"line":45,"column":30},"end":{"line":45,"column":35}},"loc":{"start":{"line":45,"column":52},"end":{"line":49,"column":1}},"line":45},"6":{"name":"(anonymous_6)","decl":{"start":{"line":51,"column":36},"end":{"line":51,"column":41}},"loc":{"start":{"line":51,"column":48},"end":{"line":56,"column":1}},"line":51},"7":{"name":"(anonymous_7)","decl":{"start":{"line":58,"column":34},"end":{"line":58,"column":39}},"loc":{"start":{"line":58,"column":46},"end":{"line":63,"column":1}},"line":58},"8":{"name":"(anonymous_8)","decl":{"start":{"line":65,"column":35},"end":{"line":65,"column":40}},"loc":{"start":{"line":65,"column":56},"end":{"line":70,"column":1}},"line":65},"9":{"name":"(anonymous_9)","decl":{"start":{"line":72,"column":35},"end":{"line":72,"column":40}},"loc":{"start":{"line":72,"column":56},"end":{"line":77,"column":1}},"line":72},"10":{"name":"(anonymous_10)","decl":{"start":{"line":79,"column":39},"end":{"line":79,"column":44}},"loc":{"start":{"line":79,"column":51},"end":{"line":83,"column":1}},"line":79}},"branchMap":{"0":{"loc":{"start":{"line":23,"column":17},"end":{"line":23,"column":61}},"type":"cond-expr","locations":[{"start":{"line":23,"column":44},"end":{"line":23,"column":52}},{"start":{"line":23,"column":55},"end":{"line":23,"column":61}}],"line":23},"1":{"loc":{"start":{"line":23,"column":17},"end":{"line":23,"column":41}},"type":"binary-expr","locations":[{"start":{"line":23,"column":17},"end":{"line":23,"column":28}},{"start":{"line":23,"column":32},"end":{"line":23,"column":41}}],"line":23}},"s":{"0":3,"1":3,"2":0,"3":0,"4":3,"5":5,"6":5,"7":5,"8":5,"9":3,"10":0,"11":0,"12":0,"13":3,"14":3,"15":3,"16":3,"17":1,"18":1,"19":3,"20":0,"21":3,"22":10,"23":4,"24":3,"25":10,"26":4,"27":3,"28":0,"29":3,"30":0,"31":3,"32":1},"f":{"0":0,"1":5,"2":0,"3":3,"4":1,"5":0,"6":10,"7":10,"8":0,"9":0,"10":1},"b":{"0":[0,0],"1":[0,0]},"meta":{"lastBranch":2,"lastFunction":11,"lastStatement":33,"seen":{"s:3:23:3:54":0,"s:5:32:10:1":1,"f:5:32:5:37":0,"s:6:19:8:3":2,"s:9:2:9:25":3,"s:12:27:20:1":4,"f:12:27:12:32":1,"s:13:34:16:4":5,"s:17:21:17:43":6,"s:18:22:18:45":7,"s:19:2:19:75":8,"s:22:28:29:1":9,"f:22:28:22:33":2,"s:23:17:23:61":10,"b:23:44:23:52:23:55:23:61":0,"b:23:17:23:28:23:32:23:41":1,"s:24:19:27:3":11,"s:28:2:28:49":12,"s:31:30:36:1":13,"f:31:30:31:35":3,"s:32:19:34:3":14,"s:35:2:35:25":15,"s:38:30:43:1":16,"f:38:30:38:35":4,"s:39:19:41:3":17,"s:42:2:42:25":18,"s:45:30:49:1":19,"f:45:30:45:35":5,"s:46:2:48:5":20,"s:51:36:56:1":21,"f:51:36:51:41":6,"s:52:19:54:3":22,"s:55:2:55:25":23,"s:58:34:63:1":24,"f:58:34:58:39":7,"s:59:19:61:3":25,"s:62:2:62:25":26,"s:65:35:70:1":27,"f:65:35:65:40":8,"s:66:2:69:4":28,"s:72:35:77:1":29,"f:72:35:72:40":9,"s:73:2:76:4":30,"s:79:39:83:1":31,"f:79:39:79:44":10,"s:80:2:82:5":32}}}
,"C:\\Users\\Mihajlo\\Desktop\\projekti_fak\\baze2\\Instagram\\frontend\\src\\api\\likeApi.js": {"path":"C:\\Users\\Mihajlo\\Desktop\\projekti_fak\\baze2\\Instagram\\frontend\\src\\api\\likeApi.js","statementMap":{"0":{"start":{"line":3,"column":28},"end":{"line":3,"column":64}},"1":{"start":{"line":5,"column":30},"end":{"line":10,"column":1}},"2":{"start":{"line":6,"column":19},"end":{"line":8,"column":3}},"3":{"start":{"line":9,"column":2},"end":{"line":9,"column":25}},"4":{"start":{"line":12,"column":26},"end":{"line":17,"column":1}},"5":{"start":{"line":13,"column":19},"end":{"line":15,"column":3}},"6":{"start":{"line":16,"column":2},"end":{"line":16,"column":25}},"7":{"start":{"line":19,"column":26},"end":{"line":23,"column":1}},"8":{"start":{"line":20,"column":2},"end":{"line":22,"column":5}}},"fnMap":{"0":{"name":"(anonymous_0)","decl":{"start":{"line":5,"column":30},"end":{"line":5,"column":35}},"loc":{"start":{"line":5,"column":48},"end":{"line":10,"column":1}},"line":5},"1":{"name":"(anonymous_1)","decl":{"start":{"line":12,"column":26},"end":{"line":12,"column":31}},"loc":{"start":{"line":12,"column":44},"end":{"line":17,"column":1}},"line":12},"2":{"name":"(anonymous_2)","decl":{"start":{"line":19,"column":26},"end":{"line":19,"column":31}},"loc":{"start":{"line":19,"column":53},"end":{"line":23,"column":1}},"line":19}},"branchMap":{"0":{"loc":{"start":{"line":21,"column":12},"end":{"line":21,"column":39}},"type":"cond-expr","locations":[{"start":{"line":21,"column":22},"end":{"line":21,"column":30}},{"start":{"line":21,"column":33},"end":{"line":21,"column":39}}],"line":21}},"s":{"0":0,"1":0,"2":0,"3":0,"4":0,"5":0,"6":0,"7":0,"8":0},"f":{"0":0,"1":0,"2":0},"b":{"0":[0,0]},"meta":{"lastBranch":1,"lastFunction":3,"lastStatement":9,"seen":{"s:3:28:3:64":0,"s:5:30:10:1":1,"f:5:30:5:35":0,"s:6:19:8:3":2,"s:9:2:9:25":3,"s:12:26:17:1":4,"f:12:26:12:31":1,"s:13:19:15:3":5,"s:16:2:16:25":6,"s:19:26:23:1":7,"f:19:26:19:31":2,"s:20:2:22:5":8,"b:21:22:21:30:21:33:21:39":0}}}
,"C:\\Users\\Mihajlo\\Desktop\\projekti_fak\\baze2\\Instagram\\frontend\\src\\api\\postApi.js": {"path":"C:\\Users\\Mihajlo\\Desktop\\projekti_fak\\baze2\\Instagram\\frontend\\src\\api\\postApi.js","statementMap":{"0":{"start":{"line":3,"column":21},"end":{"line":3,"column":50}},"1":{"start":{"line":5,"column":26},"end":{"line":14,"column":1}},"2":{"start":{"line":6,"column":19},"end":{"line":8,"column":3}},"3":{"start":{"line":10,"column":2},"end":{"line":10,"column":43}},"4":{"start":{"line":10,"column":31},"end":{"line":10,"column":43}},"5":{"start":{"line":11,"column":2},"end":{"line":11,"column":61}},"6":{"start":{"line":11,"column":20},"end":{"line":11,"column":61}},"7":{"start":{"line":13,"column":2},"end":{"line":13,"column":25}},"8":{"start":{"line":16,"column":30},"end":{"line":21,"column":1}},"9":{"start":{"line":17,"column":19},"end":{"line":19,"column":3}},"10":{"start":{"line":20,"column":2},"end":{"line":20,"column":25}},"11":{"start":{"line":23,"column":31},"end":{"line":23,"column":73}},"12":{"start":{"line":23,"column":45},"end":{"line":23,"column":73}},"13":{"start":{"line":25,"column":26},"end":{"line":32,"column":1}},"14":{"start":{"line":26,"column":19},"end":{"line":30,"column":4}},"15":{"start":{"line":31,"column":2},"end":{"line":31,"column":25}},"16":{"start":{"line":34,"column":26},"end":{"line":38,"column":1}},"17":{"start":{"line":35,"column":2},"end":{"line":37,"column":5}},"18":{"start":{"line":40,"column":31},"end":{"line":48,"column":1}},"19":{"start":{"line":41,"column":19},"end":{"line":46,"column":3}},"20":{"start":{"line":47,"column":2},"end":{"line":47,"column":25}},"21":{"start":{"line":50,"column":26},"end":{"line":58,"column":1}},"22":{"start":{"line":51,"column":19},"end":{"line":51,"column":33}},"23":{"start":{"line":52,"column":2},"end":{"line":52,"column":58}},"24":{"start":{"line":52,"column":26},"end":{"line":52,"column":56}},"25":{"start":{"line":53,"column":2},"end":{"line":53,"column":63}},"26":{"start":{"line":53,"column":19},"end":{"line":53,"column":63}},"27":{"start":{"line":54,"column":2},"end":{"line":57,"column":5}}},"fnMap":{"0":{"name":"(anonymous_0)","decl":{"start":{"line":5,"column":26},"end":{"line":5,"column":31}},"loc":{"start":{"line":5,"column":44},"end":{"line":14,"column":1}},"line":5},"1":{"name":"(anonymous_1)","decl":{"start":{"line":16,"column":30},"end":{"line":16,"column":35}},"loc":{"start":{"line":16,"column":48},"end":{"line":21,"column":1}},"line":16},"2":{"name":"(anonymous_2)","decl":{"start":{"line":23,"column":31},"end":{"line":23,"column":32}},"loc":{"start":{"line":23,"column":45},"end":{"line":23,"column":73}},"line":23},"3":{"name":"(anonymous_3)","decl":{"start":{"line":25,"column":26},"end":{"line":25,"column":31}},"loc":{"start":{"line":25,"column":57},"end":{"line":32,"column":1}},"line":25},"4":{"name":"(anonymous_4)","decl":{"start":{"line":34,"column":26},"end":{"line":34,"column":31}},"loc":{"start":{"line":34,"column":44},"end":{"line":38,"column":1}},"line":34},"5":{"name":"(anonymous_5)","decl":{"start":{"line":40,"column":31},"end":{"line":40,"column":36}},"loc":{"start":{"line":40,"column":58},"end":{"line":48,"column":1}},"line":40},"6":{"name":"(anonymous_6)","decl":{"start":{"line":50,"column":26},"end":{"line":50,"column":31}},"loc":{"start":{"line":50,"column":56},"end":{"line":58,"column":1}},"line":50},"7":{"name":"(anonymous_7)","decl":{"start":{"line":52,"column":16},"end":{"line":52,"column":17}},"loc":{"start":{"line":52,"column":26},"end":{"line":52,"column":56}},"line":52}},"branchMap":{"0":{"loc":{"start":{"line":10,"column":2},"end":{"line":10,"column":43}},"type":"if","locations":[{"start":{"line":10,"column":2},"end":{"line":10,"column":43}},{"start":{},"end":{}}],"line":10},"1":{"loc":{"start":{"line":11,"column":2},"end":{"line":11,"column":61}},"type":"if","locations":[{"start":{"line":11,"column":2},"end":{"line":11,"column":61}},{"start":{},"end":{}}],"line":11},"2":{"loc":{"start":{"line":53,"column":2},"end":{"line":53,"column":63}},"type":"if","locations":[{"start":{"line":53,"column":2},"end":{"line":53,"column":63}},{"start":{},"end":{}}],"line":53}},"s":{"0":1,"1":1,"2":0,"3":0,"4":0,"5":0,"6":0,"7":0,"8":1,"9":0,"10":0,"11":1,"12":0,"13":1,"14":0,"15":0,"16":1,"17":0,"18":1,"19":0,"20":0,"21":1,"22":1,"23":1,"24":1,"25":1,"26":0,"27":1},"f":{"0":0,"1":0,"2":0,"3":0,"4":0,"5":0,"6":1,"7":1},"b":{"0":[0,0],"1":[0,0],"2":[0,1]},"meta":{"lastBranch":3,"lastFunction":8,"lastStatement":28,"seen":{"s:3:21:3:50":0,"s:5:26:14:1":1,"f:5:26:5:31":0,"s:6:19:8:3":2,"b:10:2:10:43:undefined:undefined:undefined:undefined":0,"s:10:2:10:43":3,"s:10:31:10:43":4,"b:11:2:11:61:undefined:undefined:undefined:undefined":1,"s:11:2:11:61":5,"s:11:20:11:61":6,"s:13:2:13:25":7,"s:16:30:21:1":8,"f:16:30:16:35":1,"s:17:19:19:3":9,"s:20:2:20:25":10,"s:23:31:23:73":11,"f:23:31:23:32":2,"s:23:45:23:73":12,"s:25:26:32:1":13,"f:25:26:25:31":3,"s:26:19:30:4":14,"s:31:2:31:25":15,"s:34:26:38:1":16,"f:34:26:34:31":4,"s:35:2:37:5":17,"s:40:31:48:1":18,"f:40:31:40:36":5,"s:41:19:46:3":19,"s:47:2:47:25":20,"s:50:26:58:1":21,"f:50:26:50:31":6,"s:51:19:51:33":22,"s:52:2:52:58":23,"f:52:16:52:17":7,"s:52:26:52:56":24,"b:53:2:53:63:undefined:undefined:undefined:undefined":2,"s:53:2:53:63":25,"s:53:19:53:63":26,"s:54:2:57:5":27}}}
,"C:\\Users\\Mihajlo\\Desktop\\projekti_fak\\baze2\\Instagram\\frontend\\src\\api\\userApi.js": {"path":"C:\\Users\\Mihajlo\\Desktop\\projekti_fak\\baze2\\Instagram\\frontend\\src\\api\\userApi.js","statementMap":{"0":{"start":{"line":3,"column":21},"end":{"line":3,"column":50}},"1":{"start":{"line":5,"column":32},"end":{"line":8,"column":1}},"2":{"start":{"line":6,"column":19},"end":{"line":6,"column":77}},"3":{"start":{"line":7,"column":2},"end":{"line":7,"column":25}},"4":{"start":{"line":10,"column":29},"end":{"line":13,"column":1}},"5":{"start":{"line":11,"column":19},"end":{"line":11,"column":78}},"6":{"start":{"line":12,"column":2},"end":{"line":12,"column":25}},"7":{"start":{"line":15,"column":32},"end":{"line":16,"column":70}},"8":{"start":{"line":16,"column":2},"end":{"line":16,"column":70}},"9":{"start":{"line":18,"column":27},"end":{"line":23,"column":1}},"10":{"start":{"line":19,"column":19},"end":{"line":21,"column":3}},"11":{"start":{"line":22,"column":2},"end":{"line":22,"column":25}},"12":{"start":{"line":25,"column":29},"end":{"line":31,"column":1}},"13":{"start":{"line":26,"column":2},"end":{"line":30,"column":5}},"14":{"start":{"line":33,"column":36},"end":{"line":40,"column":1}},"15":{"start":{"line":34,"column":19},"end":{"line":34,"column":33}},"16":{"start":{"line":35,"column":2},"end":{"line":35,"column":32}},"17":{"start":{"line":36,"column":2},"end":{"line":39,"column":5}}},"fnMap":{"0":{"name":"(anonymous_0)","decl":{"start":{"line":5,"column":32},"end":{"line":5,"column":37}},"loc":{"start":{"line":5,"column":52},"end":{"line":8,"column":1}},"line":5},"1":{"name":"(anonymous_1)","decl":{"start":{"line":10,"column":29},"end":{"line":10,"column":34}},"loc":{"start":{"line":10,"column":47},"end":{"line":13,"column":1}},"line":10},"2":{"name":"(anonymous_2)","decl":{"start":{"line":15,"column":32},"end":{"line":15,"column":33}},"loc":{"start":{"line":16,"column":2},"end":{"line":16,"column":70}},"line":16},"3":{"name":"(anonymous_3)","decl":{"start":{"line":18,"column":27},"end":{"line":18,"column":32}},"loc":{"start":{"line":18,"column":44},"end":{"line":23,"column":1}},"line":18},"4":{"name":"(anonymous_4)","decl":{"start":{"line":25,"column":29},"end":{"line":25,"column":34}},"loc":{"start":{"line":25,"column":60},"end":{"line":31,"column":1}},"line":25},"5":{"name":"(anonymous_5)","decl":{"start":{"line":33,"column":36},"end":{"line":33,"column":41}},"loc":{"start":{"line":33,"column":52},"end":{"line":40,"column":1}},"line":33}},"branchMap":{"0":{"loc":{"start":{"line":15,"column":52},"end":{"line":15,"column":65}},"type":"default-arg","locations":[{"start":{"line":15,"column":63},"end":{"line":15,"column":65}}],"line":15},"1":{"loc":{"start":{"line":16,"column":2},"end":{"line":16,"column":70}},"type":"cond-expr","locations":[{"start":{"line":16,"column":22},"end":{"line":16,"column":59}},{"start":{"line":16,"column":62},"end":{"line":16,"column":70}}],"line":16}},"s":{"0":7,"1":7,"2":0,"3":0,"4":7,"5":11,"6":11,"7":7,"8":29,"9":7,"10":2,"11":2,"12":7,"13":0,"14":7,"15":0,"16":0,"17":0},"f":{"0":0,"1":11,"2":29,"3":2,"4":0,"5":0},"b":{"0":[29],"1":[0,29]},"meta":{"lastBranch":2,"lastFunction":6,"lastStatement":18,"seen":{"s:3:21:3:50":0,"s:5:32:8:1":1,"f:5:32:5:37":0,"s:6:19:6:77":2,"s:7:2:7:25":3,"s:10:29:13:1":4,"f:10:29:10:34":1,"s:11:19:11:78":5,"s:12:2:12:25":6,"s:15:32:16:70":7,"f:15:32:15:33":2,"s:16:2:16:70":8,"b:15:63:15:65":0,"b:16:22:16:59:16:62:16:70":1,"s:18:27:23:1":9,"f:18:27:18:32":3,"s:19:19:21:3":10,"s:22:2:22:25":11,"s:25:29:31:1":12,"f:25:29:25:34":4,"s:26:2:30:5":13,"s:33:36:40:1":14,"f:33:36:33:41":5,"s:34:19:34:33":15,"s:35:2:35:32":16,"s:36:2:39:5":17}}}
,"C:\\Users\\Mihajlo\\Desktop\\projekti_fak\\baze2\\Instagram\\frontend\\src\\components\\CreatePost\\CreatePost.jsx": {"path":"C:\\Users\\Mihajlo\\Desktop\\projekti_fak\\baze2\\Instagram\\frontend\\src\\components\\CreatePost\\CreatePost.jsx","statementMap":{"0":{"start":{"line":7,"column":19},"end":{"line":154,"column":null}},"1":{"start":{"line":8,"column":40},"end":{"line":8,"column":null}},"2":{"start":{"line":9,"column":30},"end":{"line":9,"column":null}},"3":{"start":{"line":10,"column":36},"end":{"line":10,"column":null}},"4":{"start":{"line":11,"column":22},"end":{"line":11,"column":null}},"5":{"start":{"line":12,"column":38},"end":{"line":12,"column":null}},"6":{"start":{"line":13,"column":28},"end":{"line":13,"column":null}},"7":{"start":{"line":14,"column":24},"end":{"line":14,"column":null}},"8":{"start":{"line":15,"column":32},"end":{"line":15,"column":null}},"9":{"start":{"line":17,"column":27},"end":{"line":40,"column":null}},"10":{"start":{"line":18,"column":18},"end":{"line":18,"column":null}},"11":{"start":{"line":20,"column":4},"end":{"line":23,"column":null}},"12":{"start":{"line":21,"column":6},"end":{"line":21,"column":null}},"13":{"start":{"line":22,"column":6},"end":{"line":22,"column":null}},"14":{"start":{"line":25,"column":19},"end":{"line":25,"column":null}},"15":{"start":{"line":25,"column":40},"end":{"line":25,"column":68}},"16":{"start":{"line":26,"column":4},"end":{"line":29,"column":null}},"17":{"start":{"line":27,"column":6},"end":{"line":27,"column":null}},"18":{"start":{"line":28,"column":6},"end":{"line":28,"column":null}},"19":{"start":{"line":31,"column":4},"end":{"line":31,"column":null}},"20":{"start":{"line":33,"column":24},"end":{"line":36,"column":null}},"21":{"start":{"line":33,"column":45},"end":{"line":36,"column":6}},"22":{"start":{"line":37,"column":4},"end":{"line":37,"column":null}},"23":{"start":{"line":38,"column":4},"end":{"line":38,"column":null}},"24":{"start":{"line":39,"column":4},"end":{"line":39,"column":null}},"25":{"start":{"line":42,"column":23},"end":{"line":61,"column":null}},"26":{"start":{"line":43,"column":4},"end":{"line":43,"column":null}},"27":{"start":{"line":43,"column":17},"end":{"line":43,"column":null}},"28":{"start":{"line":44,"column":4},"end":{"line":44,"column":null}},"29":{"start":{"line":45,"column":4},"end":{"line":60,"column":null}},"30":{"start":{"line":46,"column":23},"end":{"line":46,"column":null}},"31":{"start":{"line":47,"column":6},"end":{"line":54,"column":null}},"32":{"start":{"line":48,"column":8},"end":{"line":48,"column":null}},"33":{"start":{"line":49,"column":8},"end":{"line":49,"column":null}},"34":{"start":{"line":50,"column":8},"end":{"line":50,"column":null}},"35":{"start":{"line":51,"column":8},"end":{"line":51,"column":null}},"36":{"start":{"line":51,"column":25},"end":{"line":51,"column":47}},"37":{"start":{"line":53,"column":8},"end":{"line":53,"column":null}},"38":{"start":{"line":56,"column":6},"end":{"line":56,"column":null}},"39":{"start":{"line":57,"column":6},"end":{"line":57,"column":null}},"40":{"start":{"line":59,"column":6},"end":{"line":59,"column":null}},"41":{"start":{"line":63,"column":2},"end":{"line":152,"column":null}},"42":{"start":{"line":69,"column":27},"end":{"line":69,"column":null}},"43":{"start":{"line":89,"column":27},"end":{"line":89,"column":null}},"44":{"start":{"line":118,"column":35},"end":{"line":118,"column":null}},"45":{"start":{"line":118,"column":61},"end":{"line":118,"column":69}},"46":{"start":{"line":127,"column":35},"end":{"line":127,"column":null}},"47":{"start":{"line":127,"column":61},"end":{"line":127,"column":69}},"48":{"start":{"line":138,"column":29},"end":{"line":138,"column":null}},"49":{"start":{"line":149,"column":25},"end":{"line":149,"column":null}}},"fnMap":{"0":{"name":"(anonymous_0)","decl":{"start":{"line":7,"column":19},"end":{"line":7,"column":20}},"loc":{"start":{"line":7,"column":72},"end":{"line":154,"column":null}},"line":7},"1":{"name":"(anonymous_1)","decl":{"start":{"line":17,"column":27},"end":{"line":17,"column":28}},"loc":{"start":{"line":17,"column":34},"end":{"line":40,"column":null}},"line":17},"2":{"name":"(anonymous_2)","decl":{"start":{"line":25,"column":30},"end":{"line":25,"column":31}},"loc":{"start":{"line":25,"column":40},"end":{"line":25,"column":68}},"line":25},"3":{"name":"(anonymous_3)","decl":{"start":{"line":33,"column":34},"end":{"line":33,"column":35}},"loc":{"start":{"line":33,"column":45},"end":{"line":36,"column":6}},"line":33},"4":{"name":"(anonymous_4)","decl":{"start":{"line":42,"column":23},"end":{"line":42,"column":35}},"loc":{"start":{"line":42,"column":35},"end":{"line":61,"column":null}},"line":42},"5":{"name":"(anonymous_5)","decl":{"start":{"line":51,"column":19},"end":{"line":51,"column":25}},"loc":{"start":{"line":51,"column":25},"end":{"line":51,"column":47}},"line":51},"6":{"name":"(anonymous_6)","decl":{"start":{"line":69,"column":21},"end":{"line":69,"column":27}},"loc":{"start":{"line":69,"column":27},"end":{"line":69,"column":null}},"line":69},"7":{"name":"(anonymous_7)","decl":{"start":{"line":89,"column":21},"end":{"line":89,"column":27}},"loc":{"start":{"line":89,"column":27},"end":{"line":89,"column":null}},"line":89},"8":{"name":"(anonymous_8)","decl":{"start":{"line":118,"column":29},"end":{"line":118,"column":35}},"loc":{"start":{"line":118,"column":35},"end":{"line":118,"column":null}},"line":118},"9":{"name":"(anonymous_9)","decl":{"start":{"line":118,"column":51},"end":{"line":118,"column":52}},"loc":{"start":{"line":118,"column":61},"end":{"line":118,"column":69}},"line":118},"10":{"name":"(anonymous_10)","decl":{"start":{"line":127,"column":29},"end":{"line":127,"column":35}},"loc":{"start":{"line":127,"column":35},"end":{"line":127,"column":null}},"line":127},"11":{"name":"(anonymous_11)","decl":{"start":{"line":127,"column":51},"end":{"line":127,"column":52}},"loc":{"start":{"line":127,"column":61},"end":{"line":127,"column":69}},"line":127},"12":{"name":"(anonymous_12)","decl":{"start":{"line":138,"column":22},"end":{"line":138,"column":23}},"loc":{"start":{"line":138,"column":29},"end":{"line":138,"column":null}},"line":138},"13":{"name":"(anonymous_13)","decl":{"start":{"line":149,"column":19},"end":{"line":149,"column":25}},"loc":{"start":{"line":149,"column":25},"end":{"line":149,"column":null}},"line":149}},"branchMap":{"0":{"loc":{"start":{"line":20,"column":4},"end":{"line":23,"column":null}},"type":"if","locations":[{"start":{"line":20,"column":4},"end":{"line":23,"column":null}},{"start":{},"end":{}}],"line":20},"1":{"loc":{"start":{"line":26,"column":4},"end":{"line":29,"column":null}},"type":"if","locations":[{"start":{"line":26,"column":4},"end":{"line":29,"column":null}},{"start":{},"end":{}}],"line":26},"2":{"loc":{"start":{"line":35,"column":12},"end":{"line":35,"column":null}},"type":"cond-expr","locations":[{"start":{"line":35,"column":44},"end":{"line":35,"column":54}},{"start":{"line":35,"column":54},"end":{"line":35,"column":null}}],"line":35},"3":{"loc":{"start":{"line":43,"column":4},"end":{"line":43,"column":null}},"type":"if","locations":[{"start":{"line":43,"column":4},"end":{"line":43,"column":null}},{"start":{},"end":{}}],"line":43},"4":{"loc":{"start":{"line":47,"column":6},"end":{"line":54,"column":null}},"type":"if","locations":[{"start":{"line":47,"column":6},"end":{"line":54,"column":null}},{"start":{"line":52,"column":13},"end":{"line":54,"column":null}}],"line":47},"5":{"loc":{"start":{"line":66,"column":9},"end":{"line":71,"column":null}},"type":"binary-expr","locations":[{"start":{"line":66,"column":9},"end":{"line":66,"column":null}},{"start":{"line":67,"column":10},"end":{"line":71,"column":null}}],"line":66},"6":{"loc":{"start":{"line":74,"column":9},"end":{"line":80,"column":null}},"type":"binary-expr","locations":[{"start":{"line":74,"column":9},"end":{"line":74,"column":null}},{"start":{"line":75,"column":10},"end":{"line":80,"column":null}}],"line":74},"7":{"loc":{"start":{"line":76,"column":39},"end":{"line":76,"column":90}},"type":"cond-expr","locations":[{"start":{"line":76,"column":62},"end":{"line":76,"column":88}},{"start":{"line":76,"column":88},"end":{"line":76,"column":90}}],"line":76},"8":{"loc":{"start":{"line":76,"column":39},"end":{"line":76,"column":62}},"type":"binary-expr","locations":[{"start":{"line":76,"column":39},"end":{"line":76,"column":50}},{"start":{"line":76,"column":50},"end":{"line":76,"column":62}}],"line":76},"9":{"loc":{"start":{"line":77,"column":21},"end":{"line":77,"column":null}},"type":"cond-expr","locations":[{"start":{"line":77,"column":46},"end":{"line":77,"column":61}},{"start":{"line":77,"column":61},"end":{"line":77,"column":null}}],"line":77},"10":{"loc":{"start":{"line":77,"column":21},"end":{"line":77,"column":46}},"type":"binary-expr","locations":[{"start":{"line":77,"column":21},"end":{"line":77,"column":33}},{"start":{"line":77,"column":33},"end":{"line":77,"column":46}}],"line":77},"11":{"loc":{"start":{"line":79,"column":13},"end":{"line":79,"column":null}},"type":"cond-expr","locations":[{"start":{"line":79,"column":23},"end":{"line":79,"column":43}},{"start":{"line":79,"column":43},"end":{"line":79,"column":null}}],"line":79},"12":{"loc":{"start":{"line":84,"column":7},"end":{"line":142,"column":null}},"type":"cond-expr","locations":[{"start":{"line":85,"column":8},"end":{"line":102,"column":null}},{"start":{"line":104,"column":8},"end":{"line":142,"column":null}}],"line":84},"13":{"loc":{"start":{"line":106,"column":13},"end":{"line":109,"column":null}},"type":"cond-expr","locations":[{"start":{"line":107,"column":14},"end":{"line":107,"column":null}},{"start":{"line":109,"column":14},"end":{"line":109,"column":null}}],"line":106},"14":{"loc":{"start":{"line":112,"column":13},"end":{"line":132,"column":null}},"type":"binary-expr","locations":[{"start":{"line":112,"column":13},"end":{"line":112,"column":null}},{"start":{"line":113,"column":14},"end":{"line":132,"column":null}}],"line":112},"15":{"loc":{"start":{"line":114,"column":17},"end":{"line":121,"column":null}},"type":"binary-expr","locations":[{"start":{"line":114,"column":17},"end":{"line":114,"column":null}},{"start":{"line":115,"column":18},"end":{"line":121,"column":null}}],"line":114},"16":{"loc":{"start":{"line":123,"column":17},"end":{"line":130,"column":null}},"type":"binary-expr","locations":[{"start":{"line":123,"column":17},"end":{"line":123,"column":null}},{"start":{"line":124,"column":18},"end":{"line":130,"column":null}}],"line":123},"17":{"loc":{"start":{"line":145,"column":7},"end":{"line":150,"column":null}},"type":"binary-expr","locations":[{"start":{"line":145,"column":7},"end":{"line":145,"column":null}},{"start":{"line":146,"column":8},"end":{"line":150,"column":null}}],"line":145}},"s":{"0":1,"1":16,"2":16,"3":16,"4":16,"5":16,"6":16,"7":16,"8":16,"9":16,"10":5,"11":5,"12":0,"13":0,"14":5,"15":5,"16":5,"17":0,"18":0,"19":5,"20":5,"21":5,"22":5,"23":5,"24":5,"25":16,"26":1,"27":0,"28":1,"29":1,"30":1,"31":1,"32":1,"33":1,"34":1,"35":1,"36":0,"37":0,"38":0,"39":0,"40":1,"41":16,"42":1,"43":0,"44":0,"45":0,"46":0,"47":0,"48":1,"49":0},"f":{"0":16,"1":5,"2":5,"3":5,"4":1,"5":0,"6":1,"7":0,"8":0,"9":0,"10":0,"11":0,"12":1,"13":0},"b":{"0":[0,5],"1":[0,5],"2":[0,5],"3":[0,1],"4":[1,0],"5":[16,8],"6":[16,8],"7":[2,6],"8":[8,7],"9":[6,2],"10":[8,7],"11":[1,7],"12":[8,8],"13":[8,0],"14":[8,0],"15":[0,0],"16":[0,0],"17":[16,1]},"meta":{"lastBranch":18,"lastFunction":14,"lastStatement":50,"seen":{"s:7:19:154:Infinity":0,"f:7:19:7:20":0,"s:8:40:8:Infinity":1,"s:9:30:9:Infinity":2,"s:10:36:10:Infinity":3,"s:11:22:11:Infinity":4,"s:12:38:12:Infinity":5,"s:13:28:13:Infinity":6,"s:14:24:14:Infinity":7,"s:15:32:15:Infinity":8,"s:17:27:40:Infinity":9,"f:17:27:17:28":1,"s:18:18:18:Infinity":10,"b:20:4:23:Infinity:undefined:undefined:undefined:undefined":0,"s:20:4:23:Infinity":11,"s:21:6:21:Infinity":12,"s:22:6:22:Infinity":13,"s:25:19:25:Infinity":14,"f:25:30:25:31":2,"s:25:40:25:68":15,"b:26:4:29:Infinity:undefined:undefined:undefined:undefined":1,"s:26:4:29:Infinity":16,"s:27:6:27:Infinity":17,"s:28:6:28:Infinity":18,"s:31:4:31:Infinity":19,"s:33:24:36:Infinity":20,"f:33:34:33:35":3,"s:33:45:36:6":21,"b:35:44:35:54:35:54:35:Infinity":2,"s:37:4:37:Infinity":22,"s:38:4:38:Infinity":23,"s:39:4:39:Infinity":24,"s:42:23:61:Infinity":25,"f:42:23:42:35":4,"b:43:4:43:Infinity:undefined:undefined:undefined:undefined":3,"s:43:4:43:Infinity":26,"s:43:17:43:Infinity":27,"s:44:4:44:Infinity":28,"s:45:4:60:Infinity":29,"s:46:23:46:Infinity":30,"b:47:6:54:Infinity:52:13:54:Infinity":4,"s:47:6:54:Infinity":31,"s:48:8:48:Infinity":32,"s:49:8:49:Infinity":33,"s:50:8:50:Infinity":34,"s:51:8:51:Infinity":35,"f:51:19:51:25":5,"s:51:25:51:47":36,"s:53:8:53:Infinity":37,"s:56:6:56:Infinity":38,"s:57:6:57:Infinity":39,"s:59:6:59:Infinity":40,"s:63:2:152:Infinity":41,"b:66:9:66:Infinity:67:10:71:Infinity":5,"f:69:21:69:27":6,"s:69:27:69:Infinity":42,"b:74:9:74:Infinity:75:10:80:Infinity":6,"b:76:62:76:88:76:88:76:90":7,"b:76:39:76:50:76:50:76:62":8,"b:77:46:77:61:77:61:77:Infinity":9,"b:77:21:77:33:77:33:77:46":10,"b:79:23:79:43:79:43:79:Infinity":11,"b:85:8:102:Infinity:104:8:142:Infinity":12,"f:89:21:89:27":7,"s:89:27:89:Infinity":43,"b:107:14:107:Infinity:109:14:109:Infinity":13,"b:112:13:112:Infinity:113:14:132:Infinity":14,"b:114:17:114:Infinity:115:18:121:Infinity":15,"f:118:29:118:35":8,"s:118:35:118:Infinity":44,"f:118:51:118:52":9,"s:118:61:118:69":45,"b:123:17:123:Infinity:124:18:130:Infinity":16,"f:127:29:127:35":10,"s:127:35:127:Infinity":46,"f:127:51:127:52":11,"s:127:61:127:69":47,"f:138:22:138:23":12,"s:138:29:138:Infinity":48,"b:145:7:145:Infinity:146:8:150:Infinity":17,"f:149:19:149:25":13,"s:149:25:149:Infinity":49}}}
,"C:\\Users\\Mihajlo\\Desktop\\projekti_fak\\baze2\\Instagram\\frontend\\src\\components\\CustomAlert\\CustomAlert.jsx": {"path":"C:\\Users\\Mihajlo\\Desktop\\projekti_fak\\baze2\\Instagram\\frontend\\src\\components\\CustomAlert\\CustomAlert.jsx","statementMap":{"0":{"start":{"line":4,"column":20},"end":{"line":18,"column":null}},"1":{"start":{"line":5,"column":2},"end":{"line":8,"column":null}},"2":{"start":{"line":6,"column":18},"end":{"line":6,"column":null}},"3":{"start":{"line":7,"column":4},"end":{"line":7,"column":null}},"4":{"start":{"line":7,"column":17},"end":{"line":7,"column":null}},"5":{"start":{"line":10,"column":2},"end":{"line":16,"column":null}}},"fnMap":{"0":{"name":"(anonymous_0)","decl":{"start":{"line":4,"column":20},"end":{"line":4,"column":21}},"loc":{"start":{"line":4,"column":64},"end":{"line":18,"column":null}},"line":4},"1":{"name":"(anonymous_1)","decl":{"start":{"line":5,"column":12},"end":{"line":5,"column":18}},"loc":{"start":{"line":5,"column":18},"end":{"line":8,"column":5}},"line":5},"2":{"name":"(anonymous_2)","decl":{"start":{"line":7,"column":11},"end":{"line":7,"column":17}},"loc":{"start":{"line":7,"column":17},"end":{"line":7,"column":null}},"line":7}},"branchMap":{"0":{"loc":{"start":{"line":4,"column":32},"end":{"line":4,"column":50}},"type":"default-arg","locations":[{"start":{"line":4,"column":39},"end":{"line":4,"column":50}}],"line":4}},"s":{"0":2,"1":5,"2":5,"3":5,"4":5,"5":5},"f":{"0":5,"1":5,"2":5},"b":{"0":[5]},"meta":{"lastBranch":1,"lastFunction":3,"lastStatement":6,"seen":{"s:4:20:18:Infinity":0,"f:4:20:4:21":0,"b:4:39:4:50":0,"s:5:2:8:Infinity":1,"f:5:12:5:18":1,"s:6:18:6:Infinity":2,"s:7:4:7:Infinity":3,"f:7:11:7:17":2,"s:7:17:7:Infinity":4,"s:10:2:16:Infinity":5}}}
,"C:\\Users\\Mihajlo\\Desktop\\projekti_fak\\baze2\\Instagram\\frontend\\src\\components\\CustomConfirm\\CustomConfirm.jsx": {"path":"C:\\Users\\Mihajlo\\Desktop\\projekti_fak\\baze2\\Instagram\\frontend\\src\\components\\CustomConfirm\\CustomConfirm.jsx","statementMap":{"0":{"start":{"line":4,"column":22},"end":{"line":20,"column":null}},"1":{"start":{"line":5,"column":2},"end":{"line":18,"column":null}}},"fnMap":{"0":{"name":"(anonymous_0)","decl":{"start":{"line":4,"column":22},"end":{"line":4,"column":23}},"loc":{"start":{"line":4,"column":60},"end":{"line":20,"column":null}},"line":4}},"branchMap":{},"s":{"0":1,"1":2},"f":{"0":2},"b":{},"meta":{"lastBranch":0,"lastFunction":1,"lastStatement":2,"seen":{"s:4:22:20:Infinity":0,"f:4:22:4:23":0,"s:5:2:18:Infinity":1}}}
,"C:\\Users\\Mihajlo\\Desktop\\projekti_fak\\baze2\\Instagram\\frontend\\src\\components\\FollowerRow\\FollowerRow.jsx": {"path":"C:\\Users\\Mihajlo\\Desktop\\projekti_fak\\baze2\\Instagram\\frontend\\src\\components\\FollowerRow\\FollowerRow.jsx","statementMap":{"0":{"start":{"line":7,"column":20},"end":{"line":69,"column":null}},"1":{"start":{"line":17,"column":30},"end":{"line":17,"column":null}},"2":{"start":{"line":18,"column":8},"end":{"line":18,"column":null}},"3":{"start":{"line":20,"column":2},"end":{"line":30,"column":null}},"4":{"start":{"line":21,"column":22},"end":{"line":28,"column":null}},"5":{"start":{"line":22,"column":6},"end":{"line":27,"column":null}},"6":{"start":{"line":23,"column":21},"end":{"line":23,"column":null}},"7":{"start":{"line":24,"column":8},"end":{"line":24,"column":null}},"8":{"start":{"line":26,"column":8},"end":{"line":26,"column":null}},"9":{"start":{"line":29,"column":4},"end":{"line":29,"column":null}},"10":{"start":{"line":32,"column":2},"end":{"line":32,"column":null}},"11":{"start":{"line":32,"column":17},"end":{"line":32,"column":null}},"12":{"start":{"line":34,"column":25},"end":{"line":37,"column":null}},"13":{"start":{"line":35,"column":4},"end":{"line":35,"column":null}},"14":{"start":{"line":36,"column":4},"end":{"line":36,"column":null}},"15":{"start":{"line":39,"column":2},"end":{"line":67,"column":null}}},"fnMap":{"0":{"name":"(anonymous_0)","decl":{"start":{"line":7,"column":20},"end":{"line":7,"column":21}},"loc":{"start":{"line":16,"column":6},"end":{"line":69,"column":null}},"line":16},"1":{"name":"(anonymous_1)","decl":{"start":{"line":20,"column":12},"end":{"line":20,"column":18}},"loc":{"start":{"line":20,"column":18},"end":{"line":30,"column":5}},"line":20},"2":{"name":"(anonymous_2)","decl":{"start":{"line":21,"column":22},"end":{"line":21,"column":34}},"loc":{"start":{"line":21,"column":34},"end":{"line":28,"column":null}},"line":21},"3":{"name":"(anonymous_3)","decl":{"start":{"line":34,"column":25},"end":{"line":34,"column":31}},"loc":{"start":{"line":34,"column":31},"end":{"line":37,"column":null}},"line":34}},"branchMap":{"0":{"loc":{"start":{"line":32,"column":2},"end":{"line":32,"column":null}},"type":"if","locations":[{"start":{"line":32,"column":2},"end":{"line":32,"column":null}},{"start":{},"end":{}}],"line":32},"1":{"loc":{"start":{"line":51,"column":7},"end":{"line":65,"column":null}},"type":"binary-expr","locations":[{"start":{"line":51,"column":7},"end":{"line":51,"column":null}},{"start":{"line":52,"column":8},"end":{"line":65,"column":null}}],"line":51},"2":{"loc":{"start":{"line":53,"column":11},"end":{"line":63,"column":null}},"type":"cond-expr","locations":[{"start":{"line":54,"column":12},"end":{"line":56,"column":null}},{"start":{"line":58,"column":12},"end":{"line":63,"column":null}}],"line":53},"3":{"loc":{"start":{"line":53,"column":11},"end":{"line":53,"column":null}},"type":"binary-expr","locations":[{"start":{"line":53,"column":11},"end":{"line":53,"column":27}},{"start":{"line":53,"column":27},"end":{"line":53,"column":null}}],"line":53},"4":{"loc":{"start":{"line":59,"column":25},"end":{"line":59,"column":null}},"type":"cond-expr","locations":[{"start":{"line":59,"column":39},"end":{"line":59,"column":56}},{"start":{"line":59,"column":56},"end":{"line":59,"column":null}}],"line":59},"5":{"loc":{"start":{"line":62,"column":15},"end":{"line":62,"column":null}},"type":"cond-expr","locations":[{"start":{"line":62,"column":29},"end":{"line":62,"column":41}},{"start":{"line":62,"column":41},"end":{"line":62,"column":null}}],"line":62}},"s":{"0":1,"1":17,"2":17,"3":17,"4":8,"5":8,"6":8,"7":8,"8":0,"9":8,"10":17,"11":8,"12":9,"13":1,"14":1,"15":9},"f":{"0":17,"1":8,"2":8,"3":1},"b":{"0":[8,9],"1":[9,8],"2":[2,6],"3":[8,2],"4":[1,5],"5":[1,5]},"meta":{"lastBranch":6,"lastFunction":4,"lastStatement":16,"seen":{"s:7:20:69:Infinity":0,"f:7:20:7:21":0,"s:17:30:17:Infinity":1,"s:18:8:18:Infinity":2,"s:20:2:30:Infinity":3,"f:20:12:20:18":1,"s:21:22:28:Infinity":4,"f:21:22:21:34":2,"s:22:6:27:Infinity":5,"s:23:21:23:Infinity":6,"s:24:8:24:Infinity":7,"s:26:8:26:Infinity":8,"s:29:4:29:Infinity":9,"b:32:2:32:Infinity:undefined:undefined:undefined:undefined":0,"s:32:2:32:Infinity":10,"s:32:17:32:Infinity":11,"s:34:25:37:Infinity":12,"f:34:25:34:31":3,"s:35:4:35:Infinity":13,"s:36:4:36:Infinity":14,"s:39:2:67:Infinity":15,"b:51:7:51:Infinity:52:8:65:Infinity":1,"b:54:12:56:Infinity:58:12:63:Infinity":2,"b:53:11:53:27:53:27:53:Infinity":3,"b:59:39:59:56:59:56:59:Infinity":4,"b:62:29:62:41:62:41:62:Infinity":5}}}
,"C:\\Users\\Mihajlo\\Desktop\\projekti_fak\\baze2\\Instagram\\frontend\\src\\components\\FollowersModal\\FollowersModal.jsx": {"path":"C:\\Users\\Mihajlo\\Desktop\\projekti_fak\\baze2\\Instagram\\frontend\\src\\components\\FollowersModal\\FollowersModal.jsx","statementMap":{"0":{"start":{"line":13,"column":23},"end":{"line":115,"column":null}},"1":{"start":{"line":20,"column":22},"end":{"line":20,"column":null}},"2":{"start":{"line":21,"column":38},"end":{"line":21,"column":null}},"3":{"start":{"line":22,"column":15},"end":{"line":22,"column":null}},"4":{"start":{"line":24,"column":2},"end":{"line":57,"column":null}},"5":{"start":{"line":25,"column":4},"end":{"line":25,"column":null}},"6":{"start":{"line":25,"column":24},"end":{"line":25,"column":null}},"7":{"start":{"line":27,"column":21},"end":{"line":54,"column":null}},"8":{"start":{"line":28,"column":6},"end":{"line":53,"column":null}},"9":{"start":{"line":30,"column":10},"end":{"line":32,"column":null}},"10":{"start":{"line":33,"column":8},"end":{"line":33,"column":null}},"11":{"start":{"line":35,"column":20},"end":{"line":35,"column":null}},"12":{"start":{"line":36,"column":8},"end":{"line":49,"column":null}},"13":{"start":{"line":39,"column":14},"end":{"line":41,"column":null}},"14":{"start":{"line":42,"column":12},"end":{"line":47,"column":null}},"15":{"start":{"line":43,"column":32},"end":{"line":43,"column":null}},"16":{"start":{"line":44,"column":14},"end":{"line":44,"column":null}},"17":{"start":{"line":46,"column":14},"end":{"line":46,"column":null}},"18":{"start":{"line":50,"column":8},"end":{"line":50,"column":null}},"19":{"start":{"line":52,"column":8},"end":{"line":52,"column":null}},"20":{"start":{"line":56,"column":4},"end":{"line":56,"column":null}},"21":{"start":{"line":59,"column":23},"end":{"line":70,"column":null}},"22":{"start":{"line":60,"column":4},"end":{"line":69,"column":null}},"23":{"start":{"line":61,"column":29},"end":{"line":61,"column":null}},"24":{"start":{"line":62,"column":6},"end":{"line":62,"column":null}},"25":{"start":{"line":63,"column":6},"end":{"line":66,"column":null}},"26":{"start":{"line":63,"column":33},"end":{"line":66,"column":8}},"27":{"start":{"line":68,"column":6},"end":{"line":68,"column":null}},"28":{"start":{"line":72,"column":23},"end":{"line":79,"column":null}},"29":{"start":{"line":73,"column":4},"end":{"line":78,"column":null}},"30":{"start":{"line":74,"column":6},"end":{"line":74,"column":null}},"31":{"start":{"line":75,"column":6},"end":{"line":75,"column":null}},"32":{"start":{"line":75,"column":24},"end":{"line":75,"column":77}},"33":{"start":{"line":75,"column":46},"end":{"line":75,"column":76}},"34":{"start":{"line":77,"column":6},"end":{"line":77,"column":null}},"35":{"start":{"line":81,"column":2},"end":{"line":113,"column":null}},"36":{"start":{"line":92,"column":14},"end":{"line":94,"column":null}},"37":{"start":{"line":95,"column":25},"end":{"line":95,"column":null}},"38":{"start":{"line":97,"column":12},"end":{"line":108,"column":null}},"39":{"start":{"line":105,"column":32},"end":{"line":105,"column":null}},"40":{"start":{"line":106,"column":32},"end":{"line":106,"column":null}}},"fnMap":{"0":{"name":"(anonymous_0)","decl":{"start":{"line":13,"column":23},"end":{"line":13,"column":24}},"loc":{"start":{"line":19,"column":6},"end":{"line":115,"column":null}},"line":19},"1":{"name":"(anonymous_1)","decl":{"start":{"line":24,"column":12},"end":{"line":24,"column":18}},"loc":{"start":{"line":24,"column":18},"end":{"line":57,"column":5}},"line":24},"2":{"name":"(anonymous_2)","decl":{"start":{"line":27,"column":21},"end":{"line":27,"column":33}},"loc":{"start":{"line":27,"column":33},"end":{"line":54,"column":null}},"line":27},"3":{"name":"(anonymous_3)","decl":{"start":{"line":37,"column":19},"end":{"line":37,"column":26}},"loc":{"start":{"line":37,"column":35},"end":{"line":48,"column":11}},"line":37},"4":{"name":"(anonymous_4)","decl":{"start":{"line":59,"column":23},"end":{"line":59,"column":30}},"loc":{"start":{"line":59,"column":42},"end":{"line":70,"column":null}},"line":59},"5":{"name":"(anonymous_5)","decl":{"start":{"line":63,"column":22},"end":{"line":63,"column":23}},"loc":{"start":{"line":63,"column":33},"end":{"line":66,"column":8}},"line":63},"6":{"name":"(anonymous_6)","decl":{"start":{"line":72,"column":23},"end":{"line":72,"column":30}},"loc":{"start":{"line":72,"column":45},"end":{"line":79,"column":null}},"line":72},"7":{"name":"(anonymous_7)","decl":{"start":{"line":75,"column":14},"end":{"line":75,"column":15}},"loc":{"start":{"line":75,"column":24},"end":{"line":75,"column":77}},"line":75},"8":{"name":"(anonymous_8)","decl":{"start":{"line":75,"column":36},"end":{"line":75,"column":37}},"loc":{"start":{"line":75,"column":46},"end":{"line":75,"column":76}},"line":75},"9":{"name":"(anonymous_9)","decl":{"start":{"line":90,"column":19},"end":{"line":90,"column":20}},"loc":{"start":{"line":90,"column":29},"end":{"line":110,"column":11}},"line":90},"10":{"name":"(anonymous_10)","decl":{"start":{"line":105,"column":26},"end":{"line":105,"column":32}},"loc":{"start":{"line":105,"column":32},"end":{"line":105,"column":null}},"line":105},"11":{"name":"(anonymous_11)","decl":{"start":{"line":106,"column":26},"end":{"line":106,"column":32}},"loc":{"start":{"line":106,"column":32},"end":{"line":106,"column":null}},"line":106}},"branchMap":{"0":{"loc":{"start":{"line":25,"column":4},"end":{"line":25,"column":null}},"type":"if","locations":[{"start":{"line":25,"column":4},"end":{"line":25,"column":null}},{"start":{},"end":{}}],"line":25},"1":{"loc":{"start":{"line":30,"column":10},"end":{"line":32,"column":null}},"type":"cond-expr","locations":[{"start":{"line":31,"column":14},"end":{"line":31,"column":null}},{"start":{"line":32,"column":14},"end":{"line":32,"column":null}}],"line":30},"2":{"loc":{"start":{"line":39,"column":14},"end":{"line":41,"column":null}},"type":"cond-expr","locations":[{"start":{"line":40,"column":18},"end":{"line":40,"column":null}},{"start":{"line":41,"column":18},"end":{"line":41,"column":null}}],"line":39},"3":{"loc":{"start":{"line":87,"column":9},"end":{"line":110,"column":null}},"type":"cond-expr","locations":[{"start":{"line":88,"column":10},"end":{"line":88,"column":null}},{"start":{"line":90,"column":10},"end":{"line":110,"column":null}}],"line":87},"4":{"loc":{"start":{"line":92,"column":14},"end":{"line":94,"column":null}},"type":"cond-expr","locations":[{"start":{"line":93,"column":18},"end":{"line":93,"column":null}},{"start":{"line":94,"column":18},"end":{"line":94,"column":null}}],"line":92}},"s":{"0":1,"1":8,"2":8,"3":8,"4":8,"5":4,"6":0,"7":4,"8":4,"9":4,"10":1,"11":1,"12":1,"13":5,"14":5,"15":5,"16":5,"17":0,"18":4,"19":0,"20":4,"21":8,"22":0,"23":0,"24":0,"25":0,"26":0,"27":0,"28":8,"29":0,"30":0,"31":0,"32":0,"33":0,"34":0,"35":8,"36":5,"37":5,"38":5,"39":0,"40":0},"f":{"0":8,"1":4,"2":4,"3":5,"4":0,"5":0,"6":0,"7":0,"8":0,"9":5,"10":0,"11":0},"b":{"0":[0,4],"1":[3,1],"2":[4,1],"3":[5,3],"4":[4,1]},"meta":{"lastBranch":5,"lastFunction":12,"lastStatement":41,"seen":{"s:13:23:115:Infinity":0,"f:13:23:13:24":0,"s:20:22:20:Infinity":1,"s:21:38:21:Infinity":2,"s:22:15:22:Infinity":3,"s:24:2:57:Infinity":4,"f:24:12:24:18":1,"b:25:4:25:Infinity:undefined:undefined:undefined:undefined":0,"s:25:4:25:Infinity":5,"s:25:24:25:Infinity":6,"s:27:21:54:Infinity":7,"f:27:21:27:33":2,"s:28:6:53:Infinity":8,"s:30:10:32:Infinity":9,"b:31:14:31:Infinity:32:14:32:Infinity":1,"s:33:8:33:Infinity":10,"s:35:20:35:Infinity":11,"s:36:8:49:Infinity":12,"f:37:19:37:26":3,"s:39:14:41:Infinity":13,"b:40:18:40:Infinity:41:18:41:Infinity":2,"s:42:12:47:Infinity":14,"s:43:32:43:Infinity":15,"s:44:14:44:Infinity":16,"s:46:14:46:Infinity":17,"s:50:8:50:Infinity":18,"s:52:8:52:Infinity":19,"s:56:4:56:Infinity":20,"s:59:23:70:Infinity":21,"f:59:23:59:30":4,"s:60:4:69:Infinity":22,"s:61:29:61:Infinity":23,"s:62:6:62:Infinity":24,"s:63:6:66:Infinity":25,"f:63:22:63:23":5,"s:63:33:66:8":26,"s:68:6:68:Infinity":27,"s:72:23:79:Infinity":28,"f:72:23:72:30":6,"s:73:4:78:Infinity":29,"s:74:6:74:Infinity":30,"s:75:6:75:Infinity":31,"f:75:14:75:15":7,"s:75:24:75:77":32,"f:75:36:75:37":8,"s:75:46:75:76":33,"s:77:6:77:Infinity":34,"s:81:2:113:Infinity":35,"b:88:10:88:Infinity:90:10:110:Infinity":3,"f:90:19:90:20":9,"s:92:14:94:Infinity":36,"b:93:18:93:Infinity:94:18:94:Infinity":4,"s:95:25:95:Infinity":37,"s:97:12:108:Infinity":38,"f:105:26:105:32":10,"s:105:32:105:Infinity":39,"f:106:26:106:32":11,"s:106:32:106:Infinity":40}}}
,"C:\\Users\\Mihajlo\\Desktop\\projekti_fak\\baze2\\Instagram\\frontend\\src\\components\\MorePanel\\MorePanel.jsx": {"path":"C:\\Users\\Mihajlo\\Desktop\\projekti_fak\\baze2\\Instagram\\frontend\\src\\components\\MorePanel\\MorePanel.jsx","statementMap":{"0":{"start":{"line":5,"column":18},"end":{"line":28,"column":null}},"1":{"start":{"line":6,"column":17},"end":{"line":6,"column":null}},"2":{"start":{"line":7,"column":2},"end":{"line":26,"column":null}},"3":{"start":{"line":17,"column":12},"end":{"line":17,"column":null}},"4":{"start":{"line":18,"column":12},"end":{"line":18,"column":null}}},"fnMap":{"0":{"name":"(anonymous_0)","decl":{"start":{"line":5,"column":18},"end":{"line":5,"column":19}},"loc":{"start":{"line":5,"column":63},"end":{"line":28,"column":null}},"line":5},"1":{"name":"(anonymous_1)","decl":{"start":{"line":16,"column":19},"end":{"line":16,"column":25}},"loc":{"start":{"line":16,"column":25},"end":{"line":19,"column":null}},"line":16}},"branchMap":{"0":{"loc":{"start":{"line":11,"column":31},"end":{"line":11,"column":65}},"type":"cond-expr","locations":[{"start":{"line":11,"column":43},"end":{"line":11,"column":63}},{"start":{"line":11,"column":63},"end":{"line":11,"column":65}}],"line":11},"1":{"loc":{"start":{"line":13,"column":7},"end":{"line":24,"column":null}},"type":"cond-expr","locations":[{"start":{"line":14,"column":8},"end":{"line":22,"column":null}},{"start":{"line":24,"column":8},"end":{"line":24,"column":null}}],"line":13}},"s":{"0":1,"1":3,"2":3,"3":1,"4":1},"f":{"0":3,"1":1},"b":{"0":[2,1],"1":[2,1]},"meta":{"lastBranch":2,"lastFunction":2,"lastStatement":5,"seen":{"s:5:18:28:Infinity":0,"f:5:18:5:19":0,"s:6:17:6:Infinity":1,"s:7:2:26:Infinity":2,"b:11:43:11:63:11:63:11:65":0,"b:14:8:22:Infinity:24:8:24:Infinity":1,"f:16:19:16:25":1,"s:17:12:17:Infinity":3,"s:18:12:18:Infinity":4}}}
,"C:\\Users\\Mihajlo\\Desktop\\projekti_fak\\baze2\\Instagram\\frontend\\src\\components\\Navbar\\Navbar.jsx": {"path":"C:\\Users\\Mihajlo\\Desktop\\projekti_fak\\baze2\\Instagram\\frontend\\src\\components\\Navbar\\Navbar.jsx","statementMap":{"0":{"start":{"line":13,"column":15},"end":{"line":308,"column":null}},"1":{"start":{"line":23,"column":26},"end":{"line":23,"column":null}},"2":{"start":{"line":24,"column":8},"end":{"line":24,"column":null}},"3":{"start":{"line":25,"column":8},"end":{"line":25,"column":null}},"4":{"start":{"line":26,"column":17},"end":{"line":26,"column":null}},"5":{"start":{"line":27,"column":8},"end":{"line":27,"column":null}},"6":{"start":{"line":28,"column":8},"end":{"line":28,"column":null}},"7":{"start":{"line":29,"column":8},"end":{"line":29,"column":null}},"8":{"start":{"line":30,"column":32},"end":{"line":30,"column":null}},"9":{"start":{"line":32,"column":15},"end":{"line":32,"column":null}},"10":{"start":{"line":34,"column":20},"end":{"line":34,"column":null}},"11":{"start":{"line":36,"column":2},"end":{"line":44,"column":null}},"12":{"start":{"line":37,"column":4},"end":{"line":43,"column":null}},"13":{"start":{"line":38,"column":6},"end":{"line":38,"column":null}},"14":{"start":{"line":39,"column":4},"end":{"line":43,"column":null}},"15":{"start":{"line":40,"column":6},"end":{"line":40,"column":null}},"16":{"start":{"line":41,"column":4},"end":{"line":43,"column":null}},"17":{"start":{"line":42,"column":6},"end":{"line":42,"column":null}},"18":{"start":{"line":46,"column":2},"end":{"line":95,"column":null}},"19":{"start":{"line":47,"column":24},"end":{"line":91,"column":null}},"20":{"start":{"line":48,"column":6},"end":{"line":65,"column":null}},"21":{"start":{"line":49,"column":8},"end":{"line":64,"column":null}},"22":{"start":{"line":54,"column":10},"end":{"line":54,"column":null}},"23":{"start":{"line":55,"column":10},"end":{"line":63,"column":null}},"24":{"start":{"line":56,"column":12},"end":{"line":62,"column":null}},"25":{"start":{"line":66,"column":6},"end":{"line":90,"column":null}},"26":{"start":{"line":67,"column":8},"end":{"line":89,"column":null}},"27":{"start":{"line":73,"column":10},"end":{"line":73,"column":null}},"28":{"start":{"line":74,"column":10},"end":{"line":88,"column":null}},"29":{"start":{"line":75,"column":12},"end":{"line":87,"column":null}},"30":{"start":{"line":93,"column":4},"end":{"line":93,"column":null}},"31":{"start":{"line":94,"column":4},"end":{"line":94,"column":null}},"32":{"start":{"line":94,"column":17},"end":{"line":94,"column":null}},"33":{"start":{"line":97,"column":2},"end":{"line":109,"column":null}},"34":{"start":{"line":98,"column":24},"end":{"line":107,"column":null}},"35":{"start":{"line":99,"column":6},"end":{"line":106,"column":null}},"36":{"start":{"line":100,"column":34},"end":{"line":103,"column":null}},"37":{"start":{"line":104,"column":26},"end":{"line":104,"column":null}},"38":{"start":{"line":105,"column":8},"end":{"line":105,"column":null}},"39":{"start":{"line":108,"column":4},"end":{"line":108,"column":null}},"40":{"start":{"line":111,"column":2},"end":{"line":115,"column":null}},"41":{"start":{"line":112,"column":4},"end":{"line":114,"column":null}},"42":{"start":{"line":113,"column":6},"end":{"line":113,"column":null}},"43":{"start":{"line":117,"column":2},"end":{"line":306,"column":null}},"44":{"start":{"line":122,"column":10},"end":{"line":122,"column":null}},"45":{"start":{"line":123,"column":10},"end":{"line":123,"column":null}},"46":{"start":{"line":124,"column":10},"end":{"line":124,"column":null}},"47":{"start":{"line":138,"column":14},"end":{"line":138,"column":null}},"48":{"start":{"line":139,"column":14},"end":{"line":139,"column":null}},"49":{"start":{"line":140,"column":14},"end":{"line":140,"column":null}},"50":{"start":{"line":158,"column":14},"end":{"line":166,"column":null}},"51":{"start":{"line":159,"column":16},"end":{"line":165,"column":null}},"52":{"start":{"line":167,"column":14},"end":{"line":171,"column":null}},"53":{"start":{"line":168,"column":16},"end":{"line":168,"column":null}},"54":{"start":{"line":170,"column":16},"end":{"line":170,"column":null}},"55":{"start":{"line":172,"column":14},"end":{"line":172,"column":null}},"56":{"start":{"line":192,"column":14},"end":{"line":195,"column":null}},"57":{"start":{"line":193,"column":16},"end":{"line":193,"column":null}},"58":{"start":{"line":194,"column":16},"end":{"line":194,"column":null}},"59":{"start":{"line":196,"column":14},"end":{"line":204,"column":null}},"60":{"start":{"line":197,"column":16},"end":{"line":203,"column":null}},"61":{"start":{"line":205,"column":14},"end":{"line":209,"column":null}},"62":{"start":{"line":206,"column":16},"end":{"line":206,"column":null}},"63":{"start":{"line":208,"column":16},"end":{"line":208,"column":null}},"64":{"start":{"line":210,"column":14},"end":{"line":210,"column":null}},"65":{"start":{"line":242,"column":14},"end":{"line":242,"column":null}},"66":{"start":{"line":243,"column":14},"end":{"line":243,"column":null}},"67":{"start":{"line":244,"column":14},"end":{"line":244,"column":null}},"68":{"start":{"line":245,"column":14},"end":{"line":245,"column":null}},"69":{"start":{"line":261,"column":14},"end":{"line":261,"column":null}},"70":{"start":{"line":262,"column":14},"end":{"line":262,"column":null}},"71":{"start":{"line":263,"column":14},"end":{"line":263,"column":null}},"72":{"start":{"line":264,"column":14},"end":{"line":264,"column":null}},"73":{"start":{"line":291,"column":10},"end":{"line":291,"column":null}},"74":{"start":{"line":291,"column":33},"end":{"line":291,"column":38}},"75":{"start":{"line":292,"column":10},"end":{"line":300,"column":null}},"76":{"start":{"line":293,"column":12},"end":{"line":299,"column":null}}},"fnMap":{"0":{"name":"(anonymous_0)","decl":{"start":{"line":13,"column":15},"end":{"line":13,"column":16}},"loc":{"start":{"line":22,"column":6},"end":{"line":308,"column":null}},"line":22},"1":{"name":"(anonymous_1)","decl":{"start":{"line":36,"column":12},"end":{"line":36,"column":18}},"loc":{"start":{"line":36,"column":18},"end":{"line":44,"column":5}},"line":36},"2":{"name":"(anonymous_2)","decl":{"start":{"line":46,"column":12},"end":{"line":46,"column":18}},"loc":{"start":{"line":46,"column":18},"end":{"line":95,"column":5}},"line":46},"3":{"name":"(anonymous_3)","decl":{"start":{"line":47,"column":24},"end":{"line":47,"column":25}},"loc":{"start":{"line":47,"column":31},"end":{"line":91,"column":null}},"line":47},"4":{"name":"(anonymous_4)","decl":{"start":{"line":55,"column":20},"end":{"line":55,"column":21}},"loc":{"start":{"line":56,"column":12},"end":{"line":62,"column":null}},"line":56},"5":{"name":"(anonymous_5)","decl":{"start":{"line":74,"column":20},"end":{"line":74,"column":21}},"loc":{"start":{"line":75,"column":12},"end":{"line":87,"column":null}},"line":75},"6":{"name":"(anonymous_6)","decl":{"start":{"line":94,"column":11},"end":{"line":94,"column":17}},"loc":{"start":{"line":94,"column":17},"end":{"line":94,"column":null}},"line":94},"7":{"name":"(anonymous_7)","decl":{"start":{"line":97,"column":12},"end":{"line":97,"column":18}},"loc":{"start":{"line":97,"column":18},"end":{"line":109,"column":5}},"line":97},"8":{"name":"(anonymous_8)","decl":{"start":{"line":98,"column":24},"end":{"line":98,"column":36}},"loc":{"start":{"line":98,"column":36},"end":{"line":107,"column":null}},"line":98},"9":{"name":"(anonymous_9)","decl":{"start":{"line":111,"column":12},"end":{"line":111,"column":18}},"loc":{"start":{"line":111,"column":18},"end":{"line":115,"column":5}},"line":111},"10":{"name":"(anonymous_10)","decl":{"start":{"line":121,"column":17},"end":{"line":121,"column":23}},"loc":{"start":{"line":121,"column":23},"end":{"line":125,"column":null}},"line":121},"11":{"name":"(anonymous_11)","decl":{"start":{"line":137,"column":21},"end":{"line":137,"column":27}},"loc":{"start":{"line":137,"column":27},"end":{"line":141,"column":null}},"line":137},"12":{"name":"(anonymous_12)","decl":{"start":{"line":157,"column":21},"end":{"line":157,"column":27}},"loc":{"start":{"line":157,"column":27},"end":{"line":173,"column":null}},"line":157},"13":{"name":"(anonymous_13)","decl":{"start":{"line":158,"column":24},"end":{"line":158,"column":25}},"loc":{"start":{"line":159,"column":16},"end":{"line":165,"column":null}},"line":159},"14":{"name":"(anonymous_14)","decl":{"start":{"line":191,"column":21},"end":{"line":191,"column":27}},"loc":{"start":{"line":191,"column":27},"end":{"line":211,"column":null}},"line":191},"15":{"name":"(anonymous_15)","decl":{"start":{"line":196,"column":24},"end":{"line":196,"column":25}},"loc":{"start":{"line":197,"column":16},"end":{"line":203,"column":null}},"line":197},"16":{"name":"(anonymous_16)","decl":{"start":{"line":241,"column":21},"end":{"line":241,"column":27}},"loc":{"start":{"line":241,"column":27},"end":{"line":246,"column":null}},"line":241},"17":{"name":"(anonymous_17)","decl":{"start":{"line":260,"column":21},"end":{"line":260,"column":27}},"loc":{"start":{"line":260,"column":27},"end":{"line":265,"column":null}},"line":260},"18":{"name":"(anonymous_18)","decl":{"start":{"line":290,"column":17},"end":{"line":290,"column":23}},"loc":{"start":{"line":290,"column":23},"end":{"line":301,"column":null}},"line":290},"19":{"name":"(anonymous_19)","decl":{"start":{"line":291,"column":23},"end":{"line":291,"column":24}},"loc":{"start":{"line":291,"column":33},"end":{"line":291,"column":38}},"line":291},"20":{"name":"(anonymous_20)","decl":{"start":{"line":292,"column":20},"end":{"line":292,"column":21}},"loc":{"start":{"line":293,"column":12},"end":{"line":299,"column":null}},"line":293}},"branchMap":{"0":{"loc":{"start":{"line":37,"column":4},"end":{"line":43,"column":null}},"type":"if","locations":[{"start":{"line":37,"column":4},"end":{"line":43,"column":null}},{"start":{"line":39,"column":4},"end":{"line":43,"column":null}}],"line":37},"1":{"loc":{"start":{"line":37,"column":8},"end":{"line":37,"column":31}},"type":"binary-expr","locations":[{"start":{"line":37,"column":8},"end":{"line":37,"column":19}},{"start":{"line":37,"column":19},"end":{"line":37,"column":31}}],"line":37},"2":{"loc":{"start":{"line":39,"column":4},"end":{"line":43,"column":null}},"type":"if","locations":[{"start":{"line":39,"column":4},"end":{"line":43,"column":null}},{"start":{"line":41,"column":4},"end":{"line":43,"column":null}}],"line":39},"3":{"loc":{"start":{"line":41,"column":4},"end":{"line":43,"column":null}},"type":"if","locations":[{"start":{"line":41,"column":4},"end":{"line":43,"column":null}},{"start":{},"end":{}}],"line":41},"4":{"loc":{"start":{"line":48,"column":6},"end":{"line":65,"column":null}},"type":"if","locations":[{"start":{"line":48,"column":6},"end":{"line":65,"column":null}},{"start":{},"end":{}}],"line":48},"5":{"loc":{"start":{"line":49,"column":8},"end":{"line":64,"column":null}},"type":"if","locations":[{"start":{"line":49,"column":8},"end":{"line":64,"column":null}},{"start":{},"end":{}}],"line":49},"6":{"loc":{"start":{"line":50,"column":10},"end":{"line":52,"column":null}},"type":"binary-expr","locations":[{"start":{"line":50,"column":10},"end":{"line":50,"column":null}},{"start":{"line":51,"column":10},"end":{"line":51,"column":null}},{"start":{"line":52,"column":10},"end":{"line":52,"column":null}}],"line":50},"7":{"loc":{"start":{"line":56,"column":12},"end":{"line":62,"column":null}},"type":"cond-expr","locations":[{"start":{"line":57,"column":16},"end":{"line":61,"column":null}},{"start":{"line":62,"column":16},"end":{"line":62,"column":null}}],"line":56},"8":{"loc":{"start":{"line":57,"column":16},"end":{"line":61,"column":null}},"type":"cond-expr","locations":[{"start":{"line":58,"column":18},"end":{"line":58,"column":null}},{"start":{"line":59,"column":18},"end":{"line":61,"column":null}}],"line":57},"9":{"loc":{"start":{"line":59,"column":18},"end":{"line":61,"column":null}},"type":"cond-expr","locations":[{"start":{"line":60,"column":20},"end":{"line":60,"column":null}},{"start":{"line":61,"column":20},"end":{"line":61,"column":null}}],"line":59},"10":{"loc":{"start":{"line":66,"column":6},"end":{"line":90,"column":null}},"type":"if","locations":[{"start":{"line":66,"column":6},"end":{"line":90,"column":null}},{"start":{},"end":{}}],"line":66},"11":{"loc":{"start":{"line":67,"column":8},"end":{"line":89,"column":null}},"type":"if","locations":[{"start":{"line":67,"column":8},"end":{"line":89,"column":null}},{"start":{},"end":{}}],"line":67},"12":{"loc":{"start":{"line":68,"column":10},"end":{"line":71,"column":null}},"type":"binary-expr","locations":[{"start":{"line":68,"column":10},"end":{"line":68,"column":null}},{"start":{"line":69,"column":10},"end":{"line":69,"column":null}},{"start":{"line":70,"column":10},"end":{"line":70,"column":null}},{"start":{"line":71,"column":10},"end":{"line":71,"column":null}}],"line":68},"13":{"loc":{"start":{"line":75,"column":12},"end":{"line":87,"column":null}},"type":"cond-expr","locations":[{"start":{"line":76,"column":16},"end":{"line":80,"column":null}},{"start":{"line":81,"column":16},"end":{"line":87,"column":null}}],"line":75},"14":{"loc":{"start":{"line":76,"column":16},"end":{"line":80,"column":null}},"type":"cond-expr","locations":[{"start":{"line":77,"column":18},"end":{"line":77,"column":null}},{"start":{"line":78,"column":18},"end":{"line":80,"column":null}}],"line":76},"15":{"loc":{"start":{"line":78,"column":18},"end":{"line":80,"column":null}},"type":"cond-expr","locations":[{"start":{"line":79,"column":20},"end":{"line":79,"column":null}},{"start":{"line":80,"column":20},"end":{"line":80,"column":null}}],"line":78},"16":{"loc":{"start":{"line":81,"column":16},"end":{"line":87,"column":null}},"type":"cond-expr","locations":[{"start":{"line":82,"column":18},"end":{"line":86,"column":null}},{"start":{"line":87,"column":18},"end":{"line":87,"column":null}}],"line":81},"17":{"loc":{"start":{"line":82,"column":18},"end":{"line":86,"column":null}},"type":"cond-expr","locations":[{"start":{"line":83,"column":20},"end":{"line":83,"column":null}},{"start":{"line":84,"column":20},"end":{"line":86,"column":null}}],"line":82},"18":{"loc":{"start":{"line":84,"column":20},"end":{"line":86,"column":null}},"type":"cond-expr","locations":[{"start":{"line":85,"column":22},"end":{"line":85,"column":null}},{"start":{"line":86,"column":22},"end":{"line":86,"column":null}}],"line":84},"19":{"loc":{"start":{"line":105,"column":21},"end":{"line":105,"column":73}},"type":"binary-expr","locations":[{"start":{"line":105,"column":21},"end":{"line":105,"column":44}},{"start":{"line":105,"column":44},"end":{"line":105,"column":57}},{"start":{"line":105,"column":57},"end":{"line":105,"column":73}}],"line":105},"20":{"loc":{"start":{"line":112,"column":4},"end":{"line":114,"column":null}},"type":"if","locations":[{"start":{"line":112,"column":4},"end":{"line":114,"column":null}},{"start":{},"end":{}}],"line":112},"21":{"loc":{"start":{"line":112,"column":8},"end":{"line":112,"column":44}},"type":"binary-expr","locations":[{"start":{"line":112,"column":8},"end":{"line":112,"column":23}},{"start":{"line":112,"column":23},"end":{"line":112,"column":44}}],"line":112},"22":{"loc":{"start":{"line":113,"column":16},"end":{"line":113,"column":62}},"type":"cond-expr","locations":[{"start":{"line":113,"column":25},"end":{"line":113,"column":37}},{"start":{"line":113,"column":37},"end":{"line":113,"column":62}}],"line":113},"23":{"loc":{"start":{"line":113,"column":37},"end":{"line":113,"column":62}},"type":"cond-expr","locations":[{"start":{"line":113,"column":49},"end":{"line":113,"column":60}},{"start":{"line":113,"column":60},"end":{"line":113,"column":62}}],"line":113},"24":{"loc":{"start":{"line":135,"column":14},"end":{"line":135,"column":null}},"type":"cond-expr","locations":[{"start":{"line":135,"column":37},"end":{"line":135,"column":63}},{"start":{"line":135,"column":63},"end":{"line":135,"column":null}}],"line":135},"25":{"loc":{"start":{"line":144,"column":19},"end":{"line":144,"column":null}},"type":"cond-expr","locations":[{"start":{"line":144,"column":42},"end":{"line":144,"column":57}},{"start":{"line":144,"column":57},"end":{"line":144,"column":null}}],"line":144},"26":{"loc":{"start":{"line":155,"column":14},"end":{"line":155,"column":null}},"type":"cond-expr","locations":[{"start":{"line":155,"column":38},"end":{"line":155,"column":64}},{"start":{"line":155,"column":64},"end":{"line":155,"column":null}}],"line":155},"27":{"loc":{"start":{"line":159,"column":16},"end":{"line":165,"column":null}},"type":"cond-expr","locations":[{"start":{"line":160,"column":20},"end":{"line":164,"column":null}},{"start":{"line":165,"column":20},"end":{"line":165,"column":null}}],"line":159},"28":{"loc":{"start":{"line":160,"column":20},"end":{"l
[...]
ll}},{"start":{"line":242,"column":8},"end":{"line":242,"column":null}},{"start":{"line":243,"column":8},"end":{"line":243,"column":null}}],"line":241},"29":{"loc":{"start":{"line":247,"column":6},"end":{"line":249,"column":null}},"type":"if","locations":[{"start":{"line":247,"column":6},"end":{"line":249,"column":null}},{"start":{},"end":{}}],"line":247},"30":{"loc":{"start":{"line":247,"column":10},"end":{"line":247,"column":78}},"type":"binary-expr","locations":[{"start":{"line":247,"column":10},"end":{"line":247,"column":22}},{"start":{"line":247,"column":22},"end":{"line":247,"column":41}},{"start":{"line":247,"column":41},"end":{"line":247,"column":78}}],"line":247},"31":{"loc":{"start":{"line":256,"column":4},"end":{"line":262,"column":null}},"type":"if","locations":[{"start":{"line":256,"column":4},"end":{"line":262,"column":null}},{"start":{},"end":{}}],"line":256},"32":{"loc":{"start":{"line":267,"column":7},"end":{"line":413,"column":null}},"type":"cond-expr","locations":[{"start":{"line":268,"column":8},"end":{"line":409,"column":null}},{"start":{"line":411,"column":8},"end":{"line":413,"column":null}}],"line":267},"33":{"loc":{"start":{"line":281,"column":19},"end":{"line":296,"column":null}},"type":"binary-expr","locations":[{"start":{"line":281,"column":19},"end":{"line":281,"column":null}},{"start":{"line":282,"column":20},"end":{"line":296,"column":null}}],"line":281},"34":{"loc":{"start":{"line":289,"column":23},"end":{"line":294,"column":null}},"type":"binary-expr","locations":[{"start":{"line":289,"column":23},"end":{"line":289,"column":null}},{"start":{"line":290,"column":24},"end":{"line":294,"column":null}}],"line":289},"35":{"loc":{"start":{"line":292,"column":29},"end":{"line":292,"column":null}},"type":"cond-expr","locations":[{"start":{"line":292,"column":41},"end":{"line":292,"column":56}},{"start":{"line":292,"column":56},"end":{"line":292,"column":null}}],"line":292},"36":{"loc":{"start":{"line":309,"column":22},"end":{"line":314,"column":null}},"type":"if","locations":[{"start":{"line":309,"column":22},"end":{"line":314,"column":null}},{"start":{},"end":{}}],"line":309},"37":{"loc":{"start":{"line":310,"column":24},"end":{"line":312,"column":null}},"type":"binary-expr","locations":[{"start":{"line":310,"column":24},"end":{"line":310,"column":null}},{"start":{"line":311,"column":24},"end":{"line":311,"column":null}},{"start":{"line":312,"column":24},"end":{"line":312,"column":null}}],"line":310},"38":{"loc":{"start":{"line":321,"column":23},"end":{"line":321,"column":null}},"type":"binary-expr","locations":[{"start":{"line":321,"column":23},"end":{"line":321,"column":54}},{"start":{"line":321,"column":54},"end":{"line":321,"column":null}}],"line":321},"39":{"loc":{"start":{"line":323,"column":37},"end":{"line":323,"column":69}},"type":"binary-expr","locations":[{"start":{"line":323,"column":37},"end":{"line":323,"column":68}},{"start":{"line":323,"column":68},"end":{"line":323,"column":69}}],"line":323},"40":{"loc":{"start":{"line":324,"column":31},"end":{"line":324,"column":65}},"type":"binary-expr","locations":[{"start":{"line":324,"column":31},"end":{"line":324,"column":62}},{"start":{"line":324,"column":62},"end":{"line":324,"column":65}}],"line":324},"41":{"loc":{"start":{"line":329,"column":22},"end":{"line":334,"column":null}},"type":"if","locations":[{"start":{"line":329,"column":22},"end":{"line":334,"column":null}},{"start":{},"end":{}}],"line":329},"42":{"loc":{"start":{"line":330,"column":24},"end":{"line":332,"column":null}},"type":"binary-expr","locations":[{"start":{"line":330,"column":24},"end":{"line":330,"column":null}},{"start":{"line":331,"column":24},"end":{"line":331,"column":null}},{"start":{"line":332,"column":24},"end":{"line":332,"column":null}}],"line":330},"43":{"loc":{"start":{"line":341,"column":23},"end":{"line":341,"column":null}},"type":"binary-expr","locations":[{"start":{"line":341,"column":23},"end":{"line":341,"column":54}},{"start":{"line":341,"column":54},"end":{"line":341,"column":null}}],"line":341},"44":{"loc":{"start":{"line":350,"column":13},"end":{"line":375,"column":null}},"type":"cond-expr","locations":[{"start":{"line":351,"column":14},"end":{"line":356,"column":null}},{"start":{"line":357,"column":16},"end":{"line":375,"column":null}}],"line":350},"45":{"loc":{"start":{"line":357,"column":16},"end":{"line":375,"column":null}},"type":"cond-expr","locations":[{"start":{"line":358,"column":14},"end":{"line":360,"column":null}},{"start":{"line":362,"column":14},"end":{"line":375,"column":null}}],"line":357},"46":{"loc":{"start":{"line":364,"column":18},"end":{"line":366,"column":null}},"type":"cond-expr","locations":[{"start":{"line":365,"column":22},"end":{"line":365,"column":null}},{"start":{"line":366,"column":22},"end":{"line":366,"column":null}}],"line":364},"47":{"loc":{"start":{"line":364,"column":18},"end":{"line":364,"column":null}},"type":"binary-expr","locations":[{"start":{"line":364,"column":18},"end":{"line":364,"column":33}},{"start":{"line":364,"column":33},"end":{"line":364,"column":null}}],"line":364},"48":{"loc":{"start":{"line":370,"column":17},"end":{"line":374,"column":null}},"type":"cond-expr","locations":[{"start":{"line":371,"column":20},"end":{"line":371,"column":null}},{"start":{"line":372,"column":20},"end":{"line":374,"column":null}}],"line":370},"49":{"loc":{"start":{"line":372,"column":20},"end":{"line":374,"column":null}},"type":"cond-expr","locations":[{"start":{"line":373,"column":22},"end":{"line":373,"column":null}},{"start":{"line":374,"column":22},"end":{"line":374,"column":null}}],"line":372},"50":{"loc":{"start":{"line":379,"column":11},"end":{"line":408,"column":null}},"type":"cond-expr","locations":[{"start":{"line":380,"column":12},"end":{"line":389,"column":null}},{"start":{"line":391,"column":14},"end":{"line":408,"column":null}}],"line":379},"51":{"loc":{"start":{"line":380,"column":12},"end":{"line":389,"column":null}},"type":"cond-expr","locations":[{"start":{"line":381,"column":14},"end":{"line":383,"column":null}},{"start":{"line":385,"column":14},"end":{"line":389,"column":null}}],"line":380},"52":{"loc":{"start":{"line":380,"column":12},"end":{"line":380,"column":null}},"type":"binary-expr","locations":[{"start":{"line":380,"column":12},"end":{"line":380,"column":21}},{"start":{"line":380,"column":21},"end":{"line":380,"column":null}}],"line":380},"53":{"loc":{"start":{"line":391,"column":14},"end":{"line":408,"column":null}},"type":"cond-expr","locations":[{"start":{"line":391,"column":26},"end":{"line":391,"column":33}},{"start":{"line":391,"column":33},"end":{"line":408,"column":null}}],"line":391},"54":{"loc":{"start":{"line":391,"column":33},"end":{"line":408,"column":null}},"type":"cond-expr","locations":[{"start":{"line":392,"column":12},"end":{"line":398,"column":null}},{"start":{"line":399,"column":14},"end":{"line":408,"column":null}}],"line":391},"55":{"loc":{"start":{"line":391,"column":33},"end":{"line":391,"column":null}},"type":"binary-expr","locations":[{"start":{"line":391,"column":33},"end":{"line":391,"column":63}},{"start":{"line":391,"column":63},"end":{"line":391,"column":null}}],"line":391},"56":{"loc":{"start":{"line":399,"column":14},"end":{"line":408,"column":null}},"type":"cond-expr","locations":[{"start":{"line":400,"column":12},"end":{"line":402,"column":null}},{"start":{"line":403,"column":14},"end":{"line":408,"column":null}}],"line":399},"57":{"loc":{"start":{"line":403,"column":14},"end":{"line":408,"column":null}},"type":"cond-expr","locations":[{"start":{"line":404,"column":12},"end":{"line":407,"column":null}},{"start":{"line":408,"column":14},"end":{"line":408,"column":null}}],"line":403},"58":{"loc":{"start":{"line":416,"column":7},"end":{"line":433,"column":null}},"type":"binary-expr","locations":[{"start":{"line":416,"column":7},"end":{"line":416,"column":null}},{"start":{"line":417,"column":8},"end":{"line":433,"column":null}}],"line":416},"59":{"loc":{"start":{"line":428,"column":33},"end":{"line":428,"column":75}},"type":"cond-expr","locations":[{"start":{"line":428,"column":59},"end":{"line":428,"column":73}},{"start":{"line":428,"column":73},"end":{"line":428,"column":75}}],"line":428},"60":{"loc":{"start":{"line":436,"column":7},"end":{"line":445,"column":null}},"type":"binary-expr","locations":[{"start":{"line":436,"column":7},"end":{"line":436,"column":null}},{"start":{"line":437,"column":8},"end":{"line":445,"column":null}}],"line":436},"61":{"loc":{"start":{"line":447,"column":7},"end":{"line":458,"column":null}},"type":"binary-expr","locations":[{"start":{"line":447,"column":7},"end":{"line":447,"column":null}},{"start":{"line":448,"column":8},"end":{"line":458,"column":null}}],"line":447}},"s":{"0":1,"1":19,"2":19,"3":19,"4":19,"5":19,"6":19,"7":19,"8":19,"9":19,"10":19,"11":19,"12":19,"13":19,"14":19,"15":19,"16":19,"17":19,"18":19,"19":19,"20":19,"21":19,"22":19,"23":12,"24":12,"25":12,"26":0,"27":12,"28":0,"29":12,"30":0,"31":12,"32":19,"33":12,"34":12,"35":12,"36":0,"37":12,"38":0,"39":12,"40":0,"41":12,"42":19,"43":0,"44":0,"45":0,"46":0,"47":19,"48":7,"49":7,"50":7,"51":7,"52":7,"53":7,"54":7,"55":6,"56":0,"57":19,"58":6,"59":6,"60":6,"61":0,"62":19,"63":5,"64":5,"65":5,"66":0,"67":19,"68":6,"69":6,"70":6,"71":0,"72":19,"73":0,"74":0,"75":0,"76":0,"77":0,"78":0,"79":0,"80":19,"81":0,"82":0,"83":0,"84":0,"85":0,"86":0,"87":0,"88":0,"89":19,"90":0,"91":0,"92":0,"93":0,"94":0,"95":0,"96":0,"97":0,"98":0,"99":0,"100":0,"101":0,"102":0,"103":0,"104":19,"105":0,"106":0,"107":0,"108":0,"109":0,"110":0,"111":0,"112":0,"113":0,"114":0,"115":0,"116":0,"117":19,"118":7,"119":19,"120":13,"121":7,"122":6,"123":6,"124":6,"125":2,"126":2,"127":2,"128":2,"129":2,"130":2,"131":2,"132":2,"133":1,"134":2,"135":4,"136":19,"137":7,"138":0,"139":0,"140":0,"141":0,"142":0,"143":0,"144":7,"145":7,"146":7,"147":19,"148":13,"149":9,"150":0,"151":0,"152":0,"153":9,"154":9,"155":19,"156":0,"157":0,"158":0,"159":0,"160":0,"161":0,"162":0,"163":0,"164":0,"165":0,"166":0,"167":0,"168":0,"169":0,"170":0,"171":0,"172":0,"173":0,"174":0,"175":0,"176":0,"177":0,"178":0,"179":0,"180":0,"181":0,"182":0,"183":0},"f":{"0":19,"1":12,"2":12,"3":0,"4":0,"5":7,"6":6,"7":5,"8":6,"9":0,"10":0,"11":0,"12":0,"13":0,"14":7,"15":13,"16":2,"17":7,"18":0,"19":7,"20":13,"21":0,"22":0,"23":9,"24":0,"25":0,"26":0,"27":0,"28":0,"29":0,"30":0,"31":0,"32":0,"33":0,"34":0,"35":0,"36":0,"37":0,"38":0,"39":0,"40":0,"41":0},"b":{"0":[0,12],"1":[12,0],"2":[0,12],"3":[0,12],"4":[12,0],"5":[0,12],"6":[12,0],"7":[0,12],"8":[0,12],"9":[12,0],"10":[0,0],"11":[0,0],"12":[6,0],"13":[0,0],"14":[0,0],"15":[0,0],"16":[0,0],"17":[0,0],"18":[0,0],"19":[0,0],"20":[0,0],"21":[7,6],"22":[2,4],"23":[1,1],"24":[2,2,1],"25":[0,0],"26":[0,0,0],"27":[0,0],"28":[0,0,0],"29":[0,0],"30":[0,0,0],"31":[9,4],"32":[12,7],"33":[12,4],"34":[4,0],"35":[0,0],"36":[0,0],"37":[0,0,0],"38":[12,6],"39":[12,6],"40":[12,6],"41":[0,0],"42":[0,0,0],"43":[12,6],"44":[8,4],"45":[0,4],"46":[0,4],"47":[4,4],"48":[0,4],"49":[0,4],"50":[8,4],"51":[0,8],"52":[8,4],"53":[0,4],"54":[2,2],"55":[4,2],"56":[0,2],"57":[1,1],"58":[19,0],"59":[0,0],"60":[19,0],"61":[19,0]},"meta":{"lastBranch":62,"lastFunction":42,"lastStatement":184,"seen":{"s:20:16:462:Infinity":0,"f:20:16:20:22":0,"s:21:19:21:Infinity":1,"s:22:36:22:Infinity":2,"s:23:34:23:Infinity":3,"s:24:8:24:Infinity":4,"s:25:26:25:Infinity":5,"s:26:33:26:Infinity":6,"s:27:8:27:Infinity":7,"s:28:36:28:Infinity":8,"s:29:24:29:Infinity":9,"s:30:32:30:Infinity":10,"s:31:30:31:Infinity":11,"s:32:36:32:Infinity":12,"s:33:32:33:Infinity":13,"s:34:42:34:Infinity":14,"s:35:8:35:Infinity":15,"s:36:50:36:Infinity":16,"s:37:30:37:Infinity":17,"s:38:8:38:Infinity":18,"s:39:32:39:Infinity":19,"s:40:38:40:Infinity":20,"s:41:28:41:Infinity":21,"s:43:21:50:Infinity":22,"f:43:21:43:22":1,"s:44:18:44:Infinity":23,"s:45:18:45:Infinity":24,"b:46:4:46:Infinity:undefined:undefined:undefined:undefined":0,"s:46:4:46:Infinity":25,"b:46:8:46:23:46:23:46:36":1,"s:46:36:46:Infinity":26,"b:47:4:47:Infinity:undefined:undefined:undefined:undefined":2,"s:47:4:47:Infinity":27,"s:47:21:47:Infinity":28,"b:48:4:48:Infinity:undefined:undefined:undefined:undefined":3,"s:48:4:48:Infinity":29,"b:48:8:48:22:48:22:48:34":4,"s:48:34:48:Infinity":30,"s:49:4:49:Infinity":31,"s:52:26:59:Infinity":32,"f:52:26:52:27":2,"s:53:18:53:Infinity":33,"s:54:18:54:Infinity":34,"b:55:4:55:Infinity:undefined:undefined:undefined:undefined":5,"s:55:4:55:Infinity":35,"b:55:8:55:23:55:23:55:36":6,"s:55:36:55:Infinity":36,"b:56:4:56:Infinity:undefined:undefined:undefined:undefined":7,"s:56:4:56:Infinity":37,"s:56:21:56:Infinity":38,"b:57:4:57:Infinity:undefined:undefined:undefined:undefined":8,"s:57:4:57:Infinity":39,"b:57:8:57:22:57:22:57:34":9,"s:57:34:57:Infinity":40,"s:58:4:58:Infinity":41,"s:61:30:82:Infinity":42,"f:61:30:61:31":3,"s:62:20:62:Infinity":43,"s:63:4:80:Infinity":44,"f:67:17:67:23":4,"s:68:10:68:Infinity":45,"s:69:10:69:Infinity":46,"b:73:10:73:Infinity:75:10:75:Infinity":10,"b:77:9:77:Infinity:78:10:78:Infinity":11,"s:84:26:96:Infinity":47,"f:84:26:84:38":5,"s:85:4:85:Infinity":48,"s:86:4:86:Infinity":49,"s:87:4:87:Infinity":50,"s:88:4:88:Infinity":51,"s:89:4:89:Infinity":52,"s:90:4:95:Infinity":53,"s:91:19:91:Infinity":54,"s:92:6:92:Infinity":55,"s:94:6:94:Infinity":56,"s:98:26:105:Infinity":57,"f:98:26:98:38":6,"s:99:4:104:Infinity":58,"s:100:19:100:Infinity":59,"s:101:6:101:Infinity":60,"s:103:6:103:Infinity":61,"s:107:20:114:Infinity":62,"f:107:20:107:32":7,"s:108:4:113:Infinity":63,"s:109:19:109:Infinity":64,"s:110:6:110:Infinity":65,"s:112:6:112:Infinity":66,"s:116:24:123:Infinity":67,"f:116:24:116:36":8,"s:117:4:122:Infinity":68,"s:118:19:118:Infinity":69,"s:119:6:119:Infinity":70,"b:119:19:119:33:119:33:119:34":12,"s:121:6:121:Infinity":71,"s:125:26:134:Infinity":72,"f:125:26:125:38":9,"b:126:4:126:Infinity:undefined:undefined:undefined:undefined":13,"s:126:4:126:Infinity":73,"s:126:26:126:Infinity":74,"s:127:4:133:Infinity":75,"s:128:37:128:Infinity":76,"s:129:6:129:Infinity":77,"s:130:6:130:Infinity":78,"s:132:6:132:Infinity":79,"s:136:25:146:Infinity":80,"f:136:25:136:37":10,"b:137:4:137:Infinity:undefined:undefined:undefined:undefined":14,"s:137:4:137:Infinity":81,"s:137:26:137:Infinity":82,"s:138:4:145:Infinity":83,"s:139:19:139:Infinity":84,"s:140:6:140:Infinity":85,"s:141:6:141:Infinity":86,"s:143:6:143:Infinity":87,"s:144:6:144:Infinity":88,"s:148:22:170:Infinity":89,"f:148:22:148:34":11,"s:149:19:149:Infinity":90,"b:149:31:149:47:149:47:149:Infinity":15,"s:150:22:155:Infinity":91,"f:150:40:150:41":12,"s:151:6:154:Infinity":92,"b:156:4:156:Infinity:undefined:undefined:undefined:undefined":16,"s:156:4:156:Infinity":93,"s:156:20:156:Infinity":94,"s:157:4:169:Infinity":95,"s:158:6:158:Infinity":96,"s:159:25:159:Infinity":97,"s:160:6:160:Infinity":98,"s:161:6:161:Infinity":99,"b:162:6:166:Infinity:164:13:166:Infinity":17,"s:162:6:166:Infinity":100,"s:163:8:163:Infinity":101,"s:165:8:165:Infinity":102,"s:168:6:168:Infinity":103,"s:172:23:198:Infinity":104,"f:172:23:172:35":13,"s:173:4:197:Infinity":105,"s:174:31:178:Infinity":106,"b:179:6:193:Infinity:182:13:193:Infinity":18,"s:179:6:193:Infinity":107,"s:180:8:180:Infinity":108,"s:181:8:181:Infinity":109,"b:183:8:192:Infinity:189:15:192:Infinity":19,"s:183:8:192:Infinity":110,"b:184:10:184:Infinity:185:10:185:Infinity":20,"s:187:10:187:Infinity":111,"s:188:10:188:Infinity":112,"s:190:10:190:Infinity":113,"s:191:10:191:Infinity":114,"s:194:6:194:Infinity":115,"s:196:6:196:Infinity":116,"s:200:2:202:Infinity":117,"f:200:12:200:18":14,"s:201:4:201:Infinity":118,"s:204:2:229:Infinity":119,"f:204:12:204:18":15,"b:205:4:205:Infinity:undefined:undefined:undefined:undefined":21,"s:205:4:205:Infinity":120,"s:205:22:205:Infinity":121,"s:206:4:206:Infinity":122,"s:207:4:207:Infinity":123,"b:208:4:228:Infinity:226:11:228:Infinity":22,"s:208:4:228:Infinity":124,"s:209:19:224:Infinity":125,"f:209:19:209:31":16,"s:210:27:210:Infinity":126,"s:211:8:211:Infinity":127,"s:212:8:212:Infinity":128,"s:214:26:214:Infinity":129,"s:215:8:215:Infinity":130,"s:216:8:216:Infinity":131,"b:218:8:223:Infinity:undefined:undefined:undefined:undefined":23,"s:218:8:223:Infinity":132,"b:219:10:219:Infinity:220:11:220:42:220:42:220:Infinity":24,"s:222:10:222:Infinity":133,"s:225:6:225:Infinity":134,"s:227:6:227:Infinity":135,"s:231:2:253:Infinity":136,"f:231:12:231:18":17,"s:232:24:250:Infinity":137,"f:232:24:232:25":18,"b:233:6:239:Infinity:undefined:undefined:undefined:undefined":25,"s:233:6:239:Infinity":138,"b:234:8:234:Infinity:235:8:235:Infinity:236:8:236:Infinity":26,"s:238:8:238:Infinity":139,"b:240:6:246:Infinity:undefined:undefined:undefined:undefined":27,"s:240:6:246:Infinity":140,"b:241:8:241:Infinity:242:8:242:Infinity:243:8:243:Infinity":28,"s:245:8:245:Infinity":141,"b:247:6:249:Infinity:undefined:undefined:undefined:undefined":29,"s:247:6:249:Infinity":142,"b:247:10:247:22:247:22:247:41:247:41:247:78":30,"s:248:8:248:Infinity":143,"s:251:4:251:Infinity":144,"s:252:4:252:Infinity":145,"f:252:11:252:17":19,"s:252:17:252:Infinity":146,"s:255:2:263:Infinity":147,"f:255:12:255:18":20,"b:256:4:262:Infinity:undefined:undefined:undefined:undefined":31,"s:256:4:262:Infinity":148,"s:257:6:260:Infinity":149,"f:257:23:257:29":21,"s:257:29:260:7":150,"f:257:29:257:35":22,"s:258:8:258:Infinity":151,"s:259:8:259:Infinity":152,"s:261:6:261:Infinity":153,"f:261:13:261:19":23,"s:261:19:261:Infinity":154,"s:265:2:460:Infinity":155,"b:268:8:409:Infinity:411:8:413:Infinity":32,"b:281:19:281:Infinity:282:20:296:Infinity":33,"f:287:33:287:39":24,"s:287:39:287:Infinity":156,"f:287:51:287:52":25,"s:287:61:287:66":157,"b:289:23:289:Infinity:290:24:294:Infinity":34,"b:292:41:292:56:292:56:292:Infinity":35,"f:308:29:308:35":26,"b:309:22:314:Infinity:undefined:undefined:undefined:undefined":36,"s:309:22:314:Infinity":158,"b:310:24:310:Infinity:311:24:311:Infinity:312:24:312:Infinity":37,"s:314:24:314:Infinity":159,"s:315:22:315:Infinity":160,"s:316:22:316:Infinity":161,"b:321:23:321:54:321:54:321:Infinity":38,"b:323:37:323:68:323:68:323:69":39,"b:324:31:324:62:324:62:324:65":40,"f:328:29:328:35":27,"b:329:22:334:Infinity:undefined:undefined:undefined:undefined":41,"s:329:22:334:Infinity":162,"b:330:24:330:Infinity:331:24:331:Infinity:332:24:332:Infinity":42,"s:334:24:334:Infinity":163,"s:335:22:335:Infinity":164,"s:336:22:336:Infinity":165,"b:341:23:341:54:341:54:341:Infinity":43,"b:351:14:356:Infinity:357:16:375:Infinity":44,"f:353:25:353:31":28,"s:353:31:353:Infinity":166,"b:358:14:360:Infinity:362:14:375:Infinity":45,"b:365:22:365:Infinity:366:22:366:Infinity":46,"b:364:18:364:33:364:33:364:Infinity":47,"b:371:20:371:Infinity:372:20:374:Infinity":48,"b:373:22:373:Infinity:374:22:374:Infinity":49,"b:380:12:389:Infinity:391:14:408:Infinity":50,"b:381:14:383:Infinity:385:14:389:Infinity":51,"b:380:12:380:21:380:21:380:Infinity":52,"f:382:27:382:28":29,"s:382:44:382:76":167,"b:391:26:391:33:391:33:408:Infinity":53,"b:392:12:398:Infinity:399:14:408:Infinity":54,"b:391:33:391:63:391:63:391:Infinity":55,"b:400:12:402:Infinity:403:14:408:Infinity":56,"f:401:25:401:26":30,"s:401:42:401:74":168,"b:404:12:407:Infinity:408:14:408:Infinity":57,"b:416:7:416:Infinity:417:8:433:Infinity":58,"f:421:27:421:28":31,"s:422:14:422:Infinity":169,"f:422:23:422:24":32,"s:422:33:422:68":170,"f:422:45:422:46":33,"s:422:52:422:67":171,"s:423:14:423:Infinity":172,"f:423:27:423:28":34,"s:423:37:423:45":173,"s:424:14:424:Infinity":174,"f:426:27:426:28":35,"s:427:14:429:Infinity":175,"f:427:23:427:24":36,"s:428:16:428:Infinity":176,"f:428:25:428:26":37,"s:428:33:428:75":177,"b:428:59:428:73:428:73:428:75":59,"f:431:21:431:27":38,"s:431:27:431:Infinity":178,"b:436:7:436:Infinity:437:8:445:Infinity":60,"f:443:21:443:27":39,"s:443:27:443:Infinity":179,"b:447:7:447:Infinity:448:8:458:Infinity":61,"f:450:21:450:27":40,"s:451:12:451:Infinity":180,"s:452:12:452:Infinity":181,"f:454:20:454:26":41,"s:455:12:455:Infinity":182,"s:456:12:456:Infinity":183}}}
}
